\BOOKMARK [1][-]{CHP:RESUM0.1}{Resumo}{}% 1
\BOOKMARK [1][-]{sumario_label.1}{Sum\341rio}{}% 2
\BOOKMARK [0][-]{chapter*.4}{Lista de Figuras}{}% 3
\BOOKMARK [0][-]{chapter*.5}{Lista de Tabelas}{}% 4
\BOOKMARK [0][-]{chapter*.5}{Lista de Siglas}{}% 5
\BOOKMARK [0][-]{chapter.1}{Introdu\347\343o}{}% 6
\BOOKMARK [1][-]{section.1.1}{Motiva\347\343o}{chapter.1}% 7
\BOOKMARK [1][-]{section.1.2}{Objetivos}{chapter.1}% 8
\BOOKMARK [2][-]{subsection.1.2.1}{Objetivo Geral}{section.1.2}% 9
\BOOKMARK [2][-]{subsection.1.2.2}{Objetivos Espec\355ficos}{section.1.2}% 10
\BOOKMARK [1][-]{section.1.3}{Organiza\347\343o deste Trabalho}{chapter.1}% 11
\BOOKMARK [0][-]{chapter.2}{Fundamenta\347\343o Te\363rica}{}% 12
\BOOKMARK [1][-]{section.2.1}{Modelos de Falhas em Mem\363rias}{chapter.2}% 13
\BOOKMARK [2][-]{subsection.2.1.1}{Falhas na Matriz de C\351lulas de Mem\363ria}{section.2.1}% 14
\BOOKMARK [2][-]{subsection.2.1.2}{Falhas no Decodificador de Endere\347o}{section.2.1}% 15
\BOOKMARK [2][-]{subsection.2.1.3}{Falhas Din\342micas}{section.2.1}% 16
\BOOKMARK [1][-]{section.2.2}{Tipos de testes de mem\363ria}{chapter.2}% 17
\BOOKMARK [2][-]{subsection.2.2.1}{Testes Conhecidos}{section.2.2}% 18
\BOOKMARK [1][-]{section.2.3}{Gerenciamento de mem\363ria do Linux}{chapter.2}% 19
\BOOKMARK [2][-]{subsection.2.3.1}{Mem\363ria Virtual}{section.2.3}% 20
\BOOKMARK [2][-]{subsection.2.3.2}{Escassez de Mem\363ria}{section.2.3}% 21
\BOOKMARK [2][-]{subsection.2.3.3}{Cache de Mem\363ria}{section.2.3}% 22
\BOOKMARK [1][-]{section.2.4}{Resumo do Cap\355tulo}{chapter.2}% 23
\BOOKMARK [0][-]{chapter.3}{Metodologia}{}% 24
\BOOKMARK [1][-]{section.3.1}{Ambiente de Desenvolvimento e Teste}{chapter.3}% 25
\BOOKMARK [1][-]{section.3.2}{Implementa\347\343o do MDiag}{chapter.3}% 26
\BOOKMARK [2][-]{subsection.3.2.1}{Pol\355tica de aloca\347\343o de mem\363ria}{section.3.2}% 27
\BOOKMARK [2][-]{subsection.3.2.2}{Algor\355tmos Implementados}{section.3.2}% 28
\BOOKMARK [2][-]{subsection.3.2.3}{Desaloca\347\343o da Mem\363ria}{section.3.2}% 29
\BOOKMARK [1][-]{section.3.3}{Inser\347\343o de Falhas}{chapter.3}% 30
\BOOKMARK [2][-]{subsection.3.3.1}{Falhas simuladas}{section.3.3}% 31
\BOOKMARK [2][-]{subsection.3.3.2}{Sistema de inser\347\343o de falhas}{section.3.3}% 32
\BOOKMARK [1][-]{section.3.4}{Teste em Ambientes Reais}{chapter.3}% 33
\BOOKMARK [1][-]{section.3.5}{Resumo do Cap\355tulo}{chapter.3}% 34
\BOOKMARK [0][-]{chapter.4}{Resultados}{}% 35
\BOOKMARK [1][-]{section.4.1}{Testes com inser\347\343o de falhas}{chapter.4}% 36
\BOOKMARK [1][-]{section.4.2}{Testes com Mem\363rias Reais}{chapter.4}% 37
\BOOKMARK [1][-]{section.4.3}{Tempo de Execu\347\343o}{chapter.4}% 38
\BOOKMARK [1][-]{section.4.4}{Portabilidade}{chapter.4}% 39
\BOOKMARK [1][-]{section.4.5}{Resumo do Cap\355tulo}{chapter.4}% 40
\BOOKMARK [0][-]{chapter.5}{Conclus\365es}{}% 41
\BOOKMARK [1][-]{section.5.1}{Perspectivas Futuras}{chapter.5}% 42
\BOOKMARK [0][-]{chapter*.50}{Refer\352ncias Bibliogr\341ficas}{}% 43
