\BOOKMARK [0][-]{chapter*.5}{Lista de Figuras}{}% 1
\BOOKMARK [0][-]{chapter*.6}{Lista de Tabelas}{}% 2
\BOOKMARK [0][-]{chapter.1}{Introdu\347\343o}{}% 3
\BOOKMARK [1][-]{section.1.1}{Justificativa}{chapter.1}% 4
\BOOKMARK [1][-]{section.1.2}{Objetivos}{chapter.1}% 5
\BOOKMARK [1][-]{section.1.3}{Organiza\347\343o da Tese}{chapter.1}% 6
\BOOKMARK [0][-]{chapter.2}{Contadores de N\372cleos de Condensa\347\343o de Nuvens}{}% 7
\BOOKMARK [1][-]{section.2.1}{CCNC-WYO}{chapter.2}% 8
\BOOKMARK [1][-]{section.2.2}{CCNC-CFDC}{chapter.2}% 9
\BOOKMARK [1][-]{section.2.3}{CCNC-FUKUTA/SAXENA}{chapter.2}% 10
\BOOKMARK [1][-]{section.2.4}{CCNC-Chuang}{chapter.2}% 11
\BOOKMARK [1][-]{section.2.5}{CCNC-Peter}{chapter.2}% 12
\BOOKMARK [1][-]{section.2.6}{O CCNC-MPI-Chemie}{chapter.2}% 13
\BOOKMARK [0][-]{chapter.3}{Novo Contador de N\372cleos de Condensa\347\343o de Nuvens - CCNC-SDCC }{}% 14
\BOOKMARK [1][-]{section.3.1}{Descri\347\343o do Hardware}{chapter.3}% 15
\BOOKMARK [1][-]{section.3.2}{Controle da Supersatura\347\343o}{chapter.3}% 16
\BOOKMARK [2][-]{subsection.3.2.1}{Unidade de controle}{section.3.2}% 17
\BOOKMARK [2][-]{subsection.3.2.2}{Software CCNC-SDCC ver1.0}{section.3.2}% 18
\BOOKMARK [1][-]{section.3.3}{Descri\347\343o dos algoritmos usados no CCNC-SDCC proposto}{chapter.3}% 19
\BOOKMARK [2][-]{subsection.3.3.1}{Conceitos b\341sicos de processamento digital de imagens}{section.3.3}% 20
\BOOKMARK [2][-]{subsection.3.3.2}{T\351cnica proposta}{section.3.3}% 21
\BOOKMARK [1][-]{section.3.4}{Determina\347\343o do volume de amostragem da c\342mara de nuvens}{chapter.3}% 22
\BOOKMARK [0][-]{chapter.4}{Resultados}{}% 23
\BOOKMARK [1][-]{section.4.1}{Resultados do Sistema de Vis\343o Computacional}{chapter.4}% 24
\BOOKMARK [1][-]{section.4.2}{Metodologia para avalia\347\343o de desempenho do CCNC-SDCC em bancada}{chapter.4}% 25
\BOOKMARK [2][-]{subsection.4.2.1}{Aspectos pr\341ticos do processo de compara\347\343o}{section.4.2}% 26
\BOOKMARK [1][-]{section.4.3}{Resultados da compara\347\343o entre o CCNC-SDCC e o CPC}{chapter.4}% 27
\BOOKMARK [1][-]{section.4.4}{Aspectos mec\342nicos e el\351tricos}{chapter.4}% 28
\BOOKMARK [0][-]{chapter.5}{Conclus\365es, contribui\347\365es e trabalhos futuros}{}% 29
\BOOKMARK [0][-]{Apêndice.a.A}{Ap\352ndice Aeross\363is}{}% 30
\BOOKMARK [1][-]{section.a.A.1}{N\372cleos de Condensa\347\343o de Nuvens}{Apêndice.a.A}% 31
\BOOKMARK [1][-]{section.a.A.2}{Medidas Aerotransportadas}{Apêndice.a.A}% 32
\BOOKMARK [1][-]{section.a.A.3}{Rela\347\343o entre CCN e Got\355culas de Nuvens}{Apêndice.a.A}% 33
\BOOKMARK [0][-]{Apêndice.a.B}{Ap\352ndice Bancada geradora de Aeross\363is}{}% 34
\BOOKMARK [1][-]{subsection.a.B.0.1}{Prevenindo perda de part\355culas por deposi\347\343o eletrost\341tica}{Apêndice.a.B}% 35
\BOOKMARK [0][-]{Apêndice.a.C}{Ap\352ndice Incertezas}{}% 36
\BOOKMARK [0][-]{Apêndice.a.D}{Ap\352ndice Diagrama el\351trico do CCNC-SDCC}{}% 37
\BOOKMARK [0][-]{chapter*.11}{Refer\352ncias Bibliogr\341ficas}{}% 38
