This is pdfTeX, Version 3.1415926-2.3-1.40.12 (MiKTeX 2.9) (preloaded format=pdflatex 2012.2.2)  17 APR 2012 14:54
entering extended mode
**F:/Teleinfo/TCC/TeseGeraldo/ccnc_tese.tex
(F:/Teleinfo/TCC/TeseGeraldo/ccnc_tese.tex
LaTeX2e <2011/06/27>
Babel <v3.8m> and hyphenation patterns for english, afrikaans, ancientgreek, ar
abic, armenian, assamese, basque, bengali, bokmal, bulgarian, catalan, coptic, 
croatian, czech, danish, dutch, esperanto, estonian, farsi, finnish, french, ga
lician, german, german-x-2009-06-19, greek, gujarati, hindi, hungarian, iceland
ic, indonesian, interlingua, irish, italian, kannada, kurmanji, lao, latin, lat
vian, lithuanian, malayalam, marathi, mongolian, mongolianlmc, monogreek, ngerm
an, ngerman-x-2009-06-19, nynorsk, oriya, panjabi, pinyin, polish, portuguese, 
romanian, russian, sanskrit, serbian, slovak, slovenian, spanish, swedish, swis
sgerman, tamil, telugu, turkish, turkmen, ukenglish, ukrainian, uppersorbian, u
senglishmax, welsh, loaded.
("F:\Programas\Latex\MiKTeX 2.9\tex\latex\base\book.cls"
Document Class: book 2007/10/19 v1.4h Standard LaTeX document class
("F:\Programas\Latex\MiKTeX 2.9\tex\latex\base\bk12.clo"
File: bk12.clo 2007/10/19 v1.4h Standard LaTeX file (size option)
)
\c@part=\count79
\c@chapter=\count80
\c@section=\count81
\c@subsection=\count82
\c@subsubsection=\count83
\c@paragraph=\count84
\c@subparagraph=\count85
\c@figure=\count86
\c@table=\count87
\abovecaptionskip=\skip41
\belowcaptionskip=\skip42
\bibindent=\dimen102
)
("F:\Programas\Latex\MiKTeX 2.9\tex\latex\listings\listings.sty"
("F:\Programas\Latex\MiKTeX 2.9\tex\latex\graphics\keyval.sty"
Package: keyval 1999/03/16 v1.13 key=value parser (DPC)
\KV@toks@=\toks14
)
\lst@mode=\count88
\lst@gtempboxa=\box26
\lst@token=\toks15
\lst@length=\count89
\lst@currlwidth=\dimen103
\lst@column=\count90
\lst@pos=\count91
\lst@lostspace=\dimen104
\lst@width=\dimen105
\lst@newlines=\count92
\lst@lineno=\count93
\lst@maxwidth=\dimen106

("F:\Programas\Latex\MiKTeX 2.9\tex\latex\listings\lstmisc.sty"
File: lstmisc.sty 2007/02/22 1.4 (Carsten Heinz)
\c@lstnumber=\count94
\lst@skipnumbers=\count95
\lst@framebox=\box27
)
("F:\Programas\Latex\MiKTeX 2.9\tex\latex\listings\listings.cfg"
File: listings.cfg 2007/02/22 1.4 listings configuration
))
Package: listings 2007/02/22 1.4 (Carsten Heinz)

("F:\Programas\Latex\MiKTeX 2.9\tex\latex\tools\verbatim.sty"
Package: verbatim 2003/08/22 v1.5q LaTeX2e package for verbatim enhancements
\every@verbatim=\toks16
\verbatim@line=\toks17
\verbatim@in@stream=\read1
)
(F:\Teleinfo\TCC\TeseGeraldo\dissertacao.sty
Package: dissertacao 

("F:\Programas\Latex\MiKTeX 2.9\tex\latex\base\inputenc.sty"
Package: inputenc 2008/03/30 v1.1d Input encoding file
\inpenc@prehook=\toks18
\inpenc@posthook=\toks19

("F:\Programas\Latex\MiKTeX 2.9\tex\latex\base\latin1.def"
File: latin1.def 2008/03/30 v1.1d Input encoding file
))
("F:\Programas\Latex\MiKTeX 2.9\tex\latex\base\fontenc.sty"
Package: fontenc 2005/09/27 v1.99g Standard LaTeX package

("F:\Programas\Latex\MiKTeX 2.9\tex\latex\base\t1enc.def"
File: t1enc.def 2005/09/27 v1.99g Standard LaTeX file
LaTeX Font Info:    Redeclaring font encoding T1 on input line 43.
))
("F:\Programas\Latex\MiKTeX 2.9\tex\latex\hyphenat\hyphenat.sty"
Package: hyphenat 2009/09/02 v2.3c hyphenation utilities
\langwohyphens=\language70
LaTeX Info: Redefining \_ on input line 43.
)
("F:\Programas\Latex\MiKTeX 2.9\tex\generic\babel\babel.sty"
Package: babel 2008/07/08 v3.8m The Babel package

*************************************
* Local config file bblopts.cfg used
*
("F:\Programas\Latex\MiKTeX 2.9\tex\latex\00miktex\bblopts.cfg"
File: bblopts.cfg 2006/07/31 v1.0 MiKTeX 'babel' configuration
)
("F:\Programas\Latex\MiKTeX 2.9\tex\generic\babel\english.ldf"
Language: english 2005/03/30 v3.3o English support from the babel system

("F:\Programas\Latex\MiKTeX 2.9\tex\generic\babel\babel.def"
File: babel.def 2008/07/08 v3.8m Babel common definitions
\babel@savecnt=\count96
\U@D=\dimen107
)
\l@canadian = a dialect from \language\l@american 
\l@australian = a dialect from \language\l@british 
\l@newzealand = a dialect from \language\l@british 
)
("F:\Programas\Latex\MiKTeX 2.9\tex\generic\babel\portuges.ldf"
Language: portuges 2008/03/18 v1.2q Portuguese support from the babel system
\l@brazil = a dialect from \language\l@portuges 
Package babel Info: Making " an active character on input line 145.
))
("F:\Programas\Latex\MiKTeX 2.9\tex\latex\tools\indentfirst.sty"
Package: indentfirst 1995/11/23 v1.03 Indent first paragraph (DPC)
)
("F:\Programas\Latex\MiKTeX 2.9\tex\latex\float\float.sty"
Package: float 2001/11/08 v1.3d Float enhancements (AL)
\c@float@type=\count97
\float@exts=\toks20
\float@box=\box28
\@float@everytoks=\toks21
\@floatcapt=\box29
)
("F:\Programas\Latex\MiKTeX 2.9\tex\latex\caption\caption2.sty"
Package: caption2 2011/08/12 v2.2d Customising captions (AR)


Package caption2 Warning: ****************************************************
(caption2)                THIS PACKAGE IS OBSOLETE:
(caption2)                This package attempts to provide an `caption2'
(caption2)                package v2.0/2.1 author environment so that OLD
(caption2)                documents can be successfully processed. It should
(caption2)                NOT be used for NEW documents! New documents should
(caption2)                use the regular `caption' package v3.x instead.
(caption2)                ****************************************************

("F:\Programas\Latex\MiKTeX 2.9\tex\latex\caption\caption3.sty"
Package: caption3 2011/11/01 v1.4a caption3 kernel (AR)
\captionmargin=\dimen108
\captionmargin@=\dimen109
\captionwidth=\dimen110
\caption@indent=\dimen111
\caption@parindent=\dimen112
\caption@hangindent=\dimen113
)
Package caption2 Info: Running in caption2 v2.0 compatibility mode on input lin
e 210.
\captionlinewidth=\dimen114
\realcaptionwidth=\dimen115
Package caption2 Info: float package v1.2 (or newer) detected on input line 319
.
)
("F:\Programas\Latex\MiKTeX 2.9\tex\latex\graphics\graphicx.sty"
Package: graphicx 1999/02/16 v1.0f Enhanced LaTeX Graphics (DPC,SPQR)

("F:\Programas\Latex\MiKTeX 2.9\tex\latex\graphics\graphics.sty"
Package: graphics 2009/02/05 v1.0o Standard LaTeX Graphics (DPC,SPQR)

("F:\Programas\Latex\MiKTeX 2.9\tex\latex\graphics\trig.sty"
Package: trig 1999/03/16 v1.09 sin cos tan (DPC)
)
("F:\Programas\Latex\MiKTeX 2.9\tex\latex\00miktex\graphics.cfg"
File: graphics.cfg 2007/01/18 v1.5 graphics configuration of teTeX/TeXLive
)
Package graphics Info: Driver file: dvips.def on input line 91.

("F:\Programas\Latex\MiKTeX 2.9\tex\latex\graphics\dvips.def"
File: dvips.def 1999/02/16 v3.0i Driver-dependant file (DPC,SPQR)
))
\Gin@req@height=\dimen116
\Gin@req@width=\dimen117
)
("F:\Programas\Latex\MiKTeX 2.9\tex\latex\subfigure\subfigure.sty"
Package: subfigure 2002/07/30 v2.1.4 subfigure package
\subfigtopskip=\skip43
\subfigcapskip=\skip44
\subfigcaptopadj=\dimen118
\subfigbottomskip=\skip45
\subfigcapmargin=\dimen119
\subfiglabelskip=\skip46
\c@subfigure=\count98
\c@lofdepth=\count99
\c@subtable=\count100
\c@lotdepth=\count101

****************************************
* Local config file subfigure.cfg used *
****************************************
("F:\Programas\Latex\MiKTeX 2.9\tex\latex\subfigure\subfigure.cfg")
\subfig@top=\skip47
\subfig@bottom=\skip48
)
("F:\Programas\Latex\MiKTeX 2.9\tex\latex\wrapfig\wrapfig.sty"
\wrapoverhang=\dimen120
\WF@size=\dimen121
\c@WF@wrappedlines=\count102
\WF@box=\box30
\WF@everypar=\toks22
Package: wrapfig 2003/01/31  v 3.6
)
("F:\Programas\Latex\MiKTeX 2.9\tex\latex\geometry\geometry.sty"
Package: geometry 2010/09/12 v5.6 Page Geometry

("F:\Programas\Latex\MiKTeX 2.9\tex\generic\oberdiek\ifpdf.sty"
Package: ifpdf 2011/01/30 v2.3 Provides the ifpdf switch (HO)
Package ifpdf Info: pdfTeX in PDF mode is detected.
)
("F:\Programas\Latex\MiKTeX 2.9\tex\generic\oberdiek\ifvtex.sty"
Package: ifvtex 2010/03/01 v1.5 Switches for detecting VTeX and its modes (HO)
Package ifvtex Info: VTeX not detected.
)
("F:\Programas\Latex\MiKTeX 2.9\tex\generic\ifxetex\ifxetex.sty"
Package: ifxetex 2010/09/12 v0.6 Provides ifxetex conditional
)
\Gm@cnth=\count103
\Gm@cntv=\count104
\c@Gm@tempcnt=\count105
\Gm@bindingoffset=\dimen122
\Gm@wd@mp=\dimen123
\Gm@odd@mp=\dimen124
\Gm@even@mp=\dimen125
\Gm@layoutwidth=\dimen126
\Gm@layoutheight=\dimen127
\Gm@layouthoffset=\dimen128
\Gm@layoutvoffset=\dimen129
\Gm@dimlist=\toks23

("F:\Programas\Latex\MiKTeX 2.9\tex\latex\geometry\geometry.cfg"))
("F:\Programas\Latex\MiKTeX 2.9\tex\latex\base\alltt.sty"
Package: alltt 1997/06/16 v2.0g defines alltt environment
)
("F:\Programas\Latex\MiKTeX 2.9\tex\latex\colortbl\colortbl.sty"
Package: colortbl 2001/02/13 v0.1j Color table columns (DPC)

("F:\Programas\Latex\MiKTeX 2.9\tex\latex\tools\array.sty"
Package: array 2008/09/09 v2.4c Tabular extension package (FMi)
\col@sep=\dimen130
\extrarowheight=\dimen131
\NC@list=\toks24
\extratabsurround=\skip49
\backup@length=\skip50
)
("F:\Programas\Latex\MiKTeX 2.9\tex\latex\graphics\color.sty"
Package: color 2005/11/14 v1.0j Standard LaTeX Color (DPC)

("F:\Programas\Latex\MiKTeX 2.9\tex\latex\00miktex\color.cfg"
File: color.cfg 2007/01/18 v1.5 color configuration of teTeX/TeXLive
)
Package color Info: Driver file: pdftex.def on input line 130.

("F:\Programas\Latex\MiKTeX 2.9\tex\latex\pdftex-def\pdftex.def"
File: pdftex.def 2011/05/27 v0.06d Graphics/color for pdfTeX

("F:\Programas\Latex\MiKTeX 2.9\tex\generic\oberdiek\infwarerr.sty"
Package: infwarerr 2010/04/08 v1.3 Providing info/warning/message (HO)
)
("F:\Programas\Latex\MiKTeX 2.9\tex\generic\oberdiek\ltxcmds.sty"
Package: ltxcmds 2011/04/18 v1.20 LaTeX kernel commands for general use (HO)
)
\Gread@gobject=\count106
))
\everycr=\toks25
\minrowclearance=\skip51
)
("F:\Programas\Latex\MiKTeX 2.9\tex\latex\tools\tabularx.sty"
Package: tabularx 1999/01/07 v2.07 `tabularx' package (DPC)
\TX@col@width=\dimen132
\TX@old@table=\dimen133
\TX@old@col=\dimen134
\TX@target=\dimen135
\TX@delta=\dimen136
\TX@cols=\count107
\TX@ftn=\toks26
)
("F:\Programas\Latex\MiKTeX 2.9\tex\latex\tools\multicol.sty"
Package: multicol 2011/06/27 v1.7a multicolumn formatting (FMi)
\c@tracingmulticols=\count108
\mult@box=\box31
\multicol@leftmargin=\dimen137
\c@unbalance=\count109
\c@collectmore=\count110
\doublecol@number=\count111
\multicoltolerance=\count112
\multicolpretolerance=\count113
\full@width=\dimen138
\page@free=\dimen139
\premulticols=\dimen140
\postmulticols=\dimen141
\multicolsep=\skip52
\multicolbaselineskip=\skip53
\partial@page=\box32
\last@line=\box33
\mult@rightbox=\box34
\mult@grightbox=\box35
\mult@gfirstbox=\box36
\mult@firstbox=\box37
\@tempa=\box38
\@tempa=\box39
\@tempa=\box40
\@tempa=\box41
\@tempa=\box42
\@tempa=\box43
\@tempa=\box44
\@tempa=\box45
\@tempa=\box46
\@tempa=\box47
\@tempa=\box48
\@tempa=\box49
\@tempa=\box50
\@tempa=\box51
\@tempa=\box52
\@tempa=\box53
\@tempa=\box54
\c@columnbadness=\count114
\c@finalcolumnbadness=\count115
\last@try=\dimen142
\multicolovershoot=\dimen143
\multicolundershoot=\dimen144
\mult@nat@firstbox=\box55
\colbreak@box=\box56
\multicol@sort@counter=\count116
)
("F:\Programas\Latex\MiKTeX 2.9\tex\latex\tools\longtable.sty"
Package: longtable 2004/02/01 v4.11 Multi-page Table package (DPC)
\LTleft=\skip54
\LTright=\skip55
\LTpre=\skip56
\LTpost=\skip57
\LTchunksize=\count117
\LTcapwidth=\dimen145
\LT@head=\box57
\LT@firsthead=\box58
\LT@foot=\box59
\LT@lastfoot=\box60
\LT@cols=\count118
\LT@rows=\count119
\c@LT@tables=\count120
\c@LT@chunks=\count121
\LT@p@ftn=\toks27
)
("F:\Programas\Latex\MiKTeX 2.9\tex\latex\carlisle\ltxtable.sty"
Package: ltxtable 1995/12/11 v0.2 longtable/tabularx merge (DPC)
)
("F:\Programas\Latex\MiKTeX 2.9\tex\latex\multirow\multirow.sty"
\bigstrutjot=\dimen146
)
("F:\Programas\Latex\MiKTeX 2.9\tex\latex\psfrag\psfrag.sty"
Package: psfrag 1998/04/11 v3.04 PSfrag (MCG)
\pfg@pcount=\count122
\pfg@scount=\count123
\pfg@temp=\write3
)
("F:\Programas\Latex\MiKTeX 2.9\tex\latex\tools\enumerate.sty"
Package: enumerate 1999/03/05 v3.00 enumerate extensions (DPC)
\@enLab=\toks28
)
("F:\Programas\Latex\MiKTeX 2.9\tex\latex\algorithms\algorithm.sty"
Package: algorithm 2009/08/24 v0.1 Document Style `algorithm' - floating enviro
nment

("F:\Programas\Latex\MiKTeX 2.9\tex\latex\base\ifthen.sty"
Package: ifthen 2001/05/26 v1.1c Standard LaTeX ifthen package (DPC)
)
\@float@every@algorithm=\toks29
\c@algorithm=\count124
)
("F:\Programas\Latex\MiKTeX 2.9\tex\latex\algorithms\algorithmic.sty"
Package: algorithmic 2009/08/24 v0.1 Document Style `algorithmic'
\c@ALC@unique=\count125
\c@ALC@line=\count126
\c@ALC@rem=\count127
\c@ALC@depth=\count128
\ALC@tlm=\skip58
\algorithmicindent=\skip59
)
("F:\Programas\Latex\MiKTeX 2.9\tex\latex\fancyhdr\fancyhdr.sty"
\fancy@headwidth=\skip60
\f@ncyO@elh=\skip61
\f@ncyO@erh=\skip62
\f@ncyO@olh=\skip63
\f@ncyO@orh=\skip64
\f@ncyO@elf=\skip65
\f@ncyO@erf=\skip66
\f@ncyO@olf=\skip67
\f@ncyO@orf=\skip68
)
("F:\Programas\Latex\MiKTeX 2.9\tex\latex\fncychap\fncychap.sty"
Package: fncychap 2007/07/30 v1.34 LaTeX package (Revised chapters)
\RW=\skip69
\mylen=\skip70
\myhi=\skip71
\px=\skip72
\py=\skip73
\pyy=\skip74
\pxx=\skip75
)
("F:\Programas\Latex\MiKTeX 2.9\tex\latex\titlesec\titlesec.sty"
Package: titlesec 2011/12/15 v2.10.0 Sectioning titles
\ttl@box=\box61
\beforetitleunit=\skip76
\aftertitleunit=\skip77
\ttl@plus=\dimen147
\ttl@minus=\dimen148
\ttl@toksa=\toks30
\titlewidth=\dimen149
\titlewidthlast=\dimen150
\titlewidthfirst=\dimen151
)
("F:\Programas\Latex\MiKTeX 2.9\tex\latex\titlesec\titletoc.sty"
Package: titletoc 2011/12/15 v1.6 TOC entries
\ttl@leftsep=\dimen152
)
("F:\Programas\Latex\MiKTeX 2.9\tex\latex\ams\math\amsmath.sty"
Package: amsmath 2000/07/18 v2.13 AMS math features
\@mathmargin=\skip78

For additional information on amsmath, use the `?' option.
("F:\Programas\Latex\MiKTeX 2.9\tex\latex\ams\math\amstext.sty"
Package: amstext 2000/06/29 v2.01

("F:\Programas\Latex\MiKTeX 2.9\tex\latex\ams\math\amsgen.sty"
File: amsgen.sty 1999/11/30 v2.0
\@emptytoks=\toks31
\ex@=\dimen153
))
("F:\Programas\Latex\MiKTeX 2.9\tex\latex\ams\math\amsbsy.sty"
Package: amsbsy 1999/11/29 v1.2d
\pmbraise@=\dimen154
)
("F:\Programas\Latex\MiKTeX 2.9\tex\latex\ams\math\amsopn.sty"
Package: amsopn 1999/12/14 v2.01 operator names
)
\inf@bad=\count129
LaTeX Info: Redefining \frac on input line 211.
\uproot@=\count130
\leftroot@=\count131
LaTeX Info: Redefining \overline on input line 307.
\classnum@=\count132
\DOTSCASE@=\count133
LaTeX Info: Redefining \ldots on input line 379.
LaTeX Info: Redefining \dots on input line 382.
LaTeX Info: Redefining \cdots on input line 467.
\Mathstrutbox@=\box62
\strutbox@=\box63
\big@size=\dimen155
LaTeX Font Info:    Redeclaring font encoding OML on input line 567.
LaTeX Font Info:    Redeclaring font encoding OMS on input line 568.
\macc@depth=\count134
\c@MaxMatrixCols=\count135
\dotsspace@=\muskip10
\c@parentequation=\count136
\dspbrk@lvl=\count137
\tag@help=\toks32
\row@=\count138
\column@=\count139
\maxfields@=\count140
\andhelp@=\toks33
\eqnshift@=\dimen156
\alignsep@=\dimen157
\tagshift@=\dimen158
\tagwidth@=\dimen159
\totwidth@=\dimen160
\lineht@=\dimen161
\@envbody=\toks34
\multlinegap=\skip79
\multlinetaggap=\skip80
\mathdisplay@stack=\toks35
LaTeX Info: Redefining \[ on input line 2666.
LaTeX Info: Redefining \] on input line 2667.
)
("F:\Programas\Latex\MiKTeX 2.9\tex\latex\amsfonts\amsfonts.sty"
Package: amsfonts 2009/06/22 v3.00 Basic AMSFonts support
\symAMSa=\mathgroup4
\symAMSb=\mathgroup5
LaTeX Font Info:    Overwriting math alphabet `\mathfrak' in version `bold'
(Font)                  U/euf/m/n --> U/euf/b/n on input line 96.
)
("F:\Programas\Latex\MiKTeX 2.9\tex\latex\amsfonts\amssymb.sty"
Package: amssymb 2009/06/22 v3.00
)
("F:\Programas\Latex\MiKTeX 2.9\tex\latex\setspace\setspace.sty"
Package: setspace 2011/12/19 v6.7a set line spacing
)
(F:\Teleinfo\TCC\TeseGeraldo\datetimepor.sty

LaTeX Warning: You have requested package `datetimepor',
               but the package provides `datetime'.

Package: datetime 2002/10/30 Date Time Package version 2.0
\@DT@modctr=\count141
\@ordinalctr=\count142
\@orgargctr=\count143
\strctr=\count144
\@dtctr=\count145
\dayofyear=\count146
\dayofweek=\count147
\@day=\count148
\@month=\count149
\@year=\count150
\@hours=\count151
\@minutes=\count152
)) ("F:\Programas\Latex\MiKTeX 2.9\tex\latex\appendix\appendix.sty"
Package: appendix 2009/09/02 v1.2b extra appendix facilities
\c@@pps=\count153
\c@@ppsavesec=\count154
\c@@ppsaveapp=\count155
)
("F:\Programas\Latex\MiKTeX 2.9\tex\latex\rotating\rotating.sty"
Package: rotating 2009/03/28 v2.16a rotated objects in LaTeX
\c@r@tfl@t=\count156
\rotFPtop=\skip81
\rotFPbot=\skip82
\rot@float@box=\box64
\rot@mess@toks=\toks36
)
(F:\Teleinfo\TCC\TeseGeraldo\dissertacao_defs.sty
Package: dissertacao_defs 
)
(F:\Teleinfo\TCC\TeseGeraldo\rod_teste.sty
Package: rod_teste 
\signwidth=\skip83
\signthickness=\skip84
\signskip=\skip85
)
("F:\Programas\Latex\MiKTeX 2.9\tex\latex\pdfpages\pdfpages.sty"
Package: pdfpages 2012/03/08 v0.4r Insert pages of external PDF documents (AM)

("F:\Programas\Latex\MiKTeX 2.9\tex\latex\tools\calc.sty"
Package: calc 2007/08/22 v4.3 Infix arithmetic (KKT,FJ)
\calc@Acount=\count157
\calc@Bcount=\count158
\calc@Adimen=\dimen162
\calc@Bdimen=\dimen163
\calc@Askip=\skip86
\calc@Bskip=\skip87
LaTeX Info: Redefining \setlength on input line 76.
LaTeX Info: Redefining \addtolength on input line 77.
\calc@Ccount=\count159
\calc@Cskip=\skip88
)
("F:\Programas\Latex\MiKTeX 2.9\tex\latex\eso-pic\eso-pic.sty"
Package: eso-pic 2010/10/06 v2.0c eso-pic (RN)

("F:\Programas\Latex\MiKTeX 2.9\tex\generic\oberdiek\atbegshi.sty"
Package: atbegshi 2011/01/30 v1.15 At begin shipout hook (HO)
))
("F:\Programas\Latex\MiKTeX 2.9\tex\latex\pdfpages\pppdftex.def"
File: pppdftex.def 2012/03/08 v0.4r Pdfpages driver for pdfTeX (AM)
)
\AM@pagebox=\box65
\AM@toc@title=\toks37
\c@AM@survey=\count160
\AM@templatesizebox=\box66
)
("F:\Programas\Latex\MiKTeX 2.9\tex\latex\ms\everyshi.sty"
Package: everyshi 2001/05/15 v3.00 EveryShipout Package (MS)
)
("F:\Programas\Latex\MiKTeX 2.9\tex\latex\sidecap\sidecap.sty"
Package: sidecap 2003/06/06 v1.6f SideCap Package (RN/HjG)
\SC@BOXWD=\dimen164
\SC@CAPWD=\dimen165
\SC@tempdima=\dimen166
\SC@tempdimb=\dimen167
\c@SC@C=\count161
\SC@BOX=\box67
)
("F:\Programas\Latex\MiKTeX 2.9\tex\latex\hyperref\hyperref.sty"
Package: hyperref 2011/12/04 v6.82m Hypertext links for LaTeX

("F:\Programas\Latex\MiKTeX 2.9\tex\generic\oberdiek\hobsub-hyperref.sty"
Package: hobsub-hyperref 2011/04/23 v1.4 Bundle oberdiek, subset hyperref (HO)

("F:\Programas\Latex\MiKTeX 2.9\tex\generic\oberdiek\hobsub-generic.sty"
Package: hobsub-generic 2011/04/23 v1.4 Bundle oberdiek, subset generic (HO)
Package: hobsub 2011/04/23 v1.4 Subsetting bundle oberdiek (HO)
Package hobsub Info: Skipping package `infwarerr' (already loaded).
Package hobsub Info: Skipping package `ltxcmds' (already loaded).
Package: ifluatex 2010/03/01 v1.3 Provides the ifluatex switch (HO)
Package ifluatex Info: LuaTeX not detected.
Package hobsub Info: Skipping package `ifvtex' (already loaded).
Package: intcalc 2007/09/27 v1.1 Expandable integer calculations (HO)
Package hobsub Info: Skipping package `ifpdf' (already loaded).
Package: etexcmds 2011/02/16 v1.5 Prefix for e-TeX command names (HO)
Package etexcmds Info: Could not find \expanded.
(etexcmds)             That can mean that you are not using pdfTeX 1.50 or
(etexcmds)             that some package has redefined \expanded.
(etexcmds)             In the latter case, load this package earlier.
Package: kvsetkeys 2011/04/07 v1.13 Key value parser (HO)
Package: kvdefinekeys 2011/04/07 v1.3 Defining keys (HO)
Package: pdftexcmds 2011/04/22 v0.16 Utilities of pdfTeX for LuaTeX (HO)
Package pdftexcmds Info: LuaTeX not detected.
Package pdftexcmds Info: \pdf@primitive is available.
Package pdftexcmds Info: \pdf@ifprimitive is available.
Package pdftexcmds Info: \pdfdraftmode found.
Package: pdfescape 2011/04/04 v1.12 Provides string conversions (HO)
Package: bigintcalc 2011/01/30 v1.2 Expandable big integer calculations (HO)
Package: bitset 2011/01/30 v1.1 Data type bit set (HO)
Package: uniquecounter 2011/01/30 v1.2 Provides unlimited unique counter (HO)
)
Package hobsub Info: Skipping package `hobsub' (already loaded).
Package: letltxmacro 2010/09/02 v1.4 Let assignment for LaTeX macros (HO)
Package: hopatch 2011/01/30 v1.0 Wrapper for package hooks (HO)
Package: xcolor-patch 2011/01/30 xcolor patch
Package: atveryend 2011/04/23 v1.7 Hooks at very end of document (HO)
Package hobsub Info: Skipping package `atbegshi' (already loaded).
Package: refcount 2010/12/01 v3.2 Data extraction from references (HO)
Package: hycolor 2011/01/30 v1.7 Color options of hyperref/bookmark (HO)
)
("F:\Programas\Latex\MiKTeX 2.9\tex\latex\oberdiek\kvoptions.sty"
Package: kvoptions 2010/12/23 v3.10 Keyval support for LaTeX options (HO)
)
\@linkdim=\dimen168
\Hy@linkcounter=\count162
\Hy@pagecounter=\count163

("F:\Programas\Latex\MiKTeX 2.9\tex\latex\hyperref\pd1enc.def"
File: pd1enc.def 2011/12/04 v6.82m Hyperref: PDFDocEncoding definition (HO)
)
\Hy@SavedSpaceFactor=\count164

("F:\Programas\Latex\MiKTeX 2.9\tex\latex\00miktex\hyperref.cfg"
File: hyperref.cfg 2002/06/06 v1.2 hyperref configuration of TeXLive
)
Package hyperref Info: Option `final' set `true' on input line 3925.
Package hyperref Info: Option `breaklinks' set `true' on input line 3925.
Package hyperref Info: Hyper figures OFF on input line 4046.
Package hyperref Info: Link nesting OFF on input line 4051.
Package hyperref Info: Hyper index ON on input line 4054.
Package hyperref Info: Plain pages OFF on input line 4061.
Package hyperref Info: Backreferencing OFF on input line 4066.
Package hyperref Info: Implicit mode ON; LaTeX internals redefined.
Package hyperref Info: Bookmarks ON on input line 4284.
\c@Hy@tempcnt=\count165

("F:\Programas\Latex\MiKTeX 2.9\tex\latex\ltxmisc\url.sty"
\Urlmuskip=\muskip11
Package: url 2006/04/12  ver 3.3  Verb mode for urls, etc.
)
LaTeX Info: Redefining \url on input line 4637.
\Fld@menulength=\count166
\Field@Width=\dimen169
\Fld@charsize=\dimen170
Package hyperref Info: Hyper figures OFF on input line 5757.
Package hyperref Info: Link nesting OFF on input line 5762.
Package hyperref Info: Hyper index ON on input line 5765.
Package hyperref Info: backreferencing OFF on input line 5772.
Package hyperref Info: Link coloring OFF on input line 5777.
Package hyperref Info: Link coloring with OCG OFF on input line 5782.
Package hyperref Info: PDF/A mode OFF on input line 5787.
LaTeX Info: Redefining \ref on input line 5827.
LaTeX Info: Redefining \pageref on input line 5831.
\Hy@abspage=\count167
\c@Item=\count168
\c@Hfootnote=\count169
)

Package hyperref Message: Driver (autodetected): hpdftex.

("F:\Programas\Latex\MiKTeX 2.9\tex\latex\hyperref\hpdftex.def"
File: hpdftex.def 2011/12/04 v6.82m Hyperref driver for pdfTeX
\Fld@listcount=\count170
\c@bookmark@seq@number=\count171

("F:\Programas\Latex\MiKTeX 2.9\tex\latex\oberdiek\rerunfilecheck.sty"
Package: rerunfilecheck 2011/04/15 v1.7 Rerun checks for auxiliary files (HO)
Package uniquecounter Info: New unique counter `rerunfilecheck' on input line 2
82.
)
\Hy@SectionHShift=\skip89
)
("F:\Programas\Latex\MiKTeX 2.9\tex\latex\cite\cite.sty"
LaTeX Info: Redefining \cite on input line 302.
LaTeX Info: Redefining \nocite on input line 373.
Package: cite 2010/09/10  v 5.3
)
("F:\Programas\Latex\MiKTeX 2.9\tex\latex\abntex\abntcite.sty"
("F:\Programas\Latex\MiKTeX 2.9\tex\latex\abntex\cvs-id.def")
Package: abntcite 2003/10/13 v1.26 Chamadas de referencias no texto (NBR10520)

("F:\Programas\Latex\MiKTeX 2.9\tex\latex\abntex\abntex-abrev.sty"
("F:\Programas\Latex\MiKTeX 2.9\tex\latex\abntex\cvs-id.def")
Package: abntex-abrev 2003/10/13 v1.3 Abreviacoes

("F:\Programas\Latex\MiKTeX 2.9\tex\latex\abntex\nbr10522-1988.def"
("F:\Programas\Latex\MiKTeX 2.9\tex\latex\abntex\cvs-id.def")
File: nbr10522-1988.def 2003/10/13 v1.2 Abreviacoes bibliograficas (NBR10522:19
88)
)
("F:\Programas\Latex\MiKTeX 2.9\tex\latex\abntex\abntex-abrev-pt_BR.def"
("F:\Programas\Latex\MiKTeX 2.9\tex\latex\abntex\cvs-id.def")
File: abntex-abrev-pt_BR.def 2003/10/13 v1.2 definicao de abntex-abrev, traduca
o de termos en_US/pt_BR
))
("F:\Programas\Latex\MiKTeX 2.9\tex\latex\abntex\nbr10520-2002.def"
("F:\Programas\Latex\MiKTeX 2.9\tex\latex\abntex\cvs-id.def")
File: nbr10520-2002.def 2003/10/13 v1.2 Definicoes para abntcite (NBR10520:2002
)
)
\minimumbiblabelwidth=\skip90
\ABCIauxlen=\skip91
\c@ABCIaux=\count172
\c@ABCImax=\count173

("F:\Programas\Latex\MiKTeX 2.9\tex\latex\ltxmisc\relsize.sty"
Package: relsize 2003/07/04 ver 3.1
)
\biblabelsep=\skip92
LaTeX Info: Redefining \newblock on input line 562.
LaTeX Info: Redefining \cite on input line 589.
LaTeX Info: Redefining \citeonline on input line 647.
\ABCItoken=\toks38
)
("F:\Programas\Latex\MiKTeX 2.9\tex\latex\acronym\acronym.sty"
Package: acronym 2010/09/08 v1.36 Support for acronyms (Tobias Oetiker)

("F:\Programas\Latex\MiKTeX 2.9\tex\latex\bigfoot\suffix.sty"
Package: suffix 2006/07/15 1.5 Variant command support
)
\AC@clearlist=\toks39
)
("F:\Programas\Latex\MiKTeX 2.9\tex\latex\hvfloat\hvfloat.sty"
Package: hvfloat 2003/05/31 rotating of floating objects

`hvfloat' v1.1, 2003/05/31 (Herbert Voss)
\hvObjectWidth=\skip93
\hvCapWidth=\skip94
\hvMaxCapWidth=\skip95
\hvObjectBox=\box68
\hvCaptionBox=\box69
\hvOBox=\box70
\hvAboveCaptionSkip=\skip96
\hvBelowCaptionSkip=\skip97
)
("F:\Programas\Latex\MiKTeX 2.9\tex\latex\supertabular\supertabular.sty"
Package: supertabular 2004/02/20 v4.1e the supertabular environment
\c@tracingst=\count174
\ST@wd=\dimen171
\ST@rightskip=\skip98
\ST@leftskip=\skip99
\ST@parfillskip=\skip100
\ST@pageleft=\dimen172
\ST@headht=\dimen173
\ST@tailht=\dimen174
\ST@pagesofar=\dimen175
\ST@pboxht=\dimen176
\ST@lineht=\dimen177
\ST@stretchht=\dimen178
\ST@prevht=\dimen179
\ST@toadd=\dimen180
\ST@dimen=\dimen181
\ST@pbox=\box71
)
(F:\Teleinfo\TCC\TeseGeraldo\ccnc_tese.aux
(F:\Teleinfo\TCC\TeseGeraldo\pretexto/capa_externa.aux)
(F:\Teleinfo\TCC\TeseGeraldo\pretexto/capa.aux)
(F:\Teleinfo\TCC\TeseGeraldo\pretexto/dedicatoria.aux)
(F:\Teleinfo\TCC\TeseGeraldo\pretexto/dedicatoria2.aux)
(F:\Teleinfo\TCC\TeseGeraldo\pretexto/agradecimentos.aux)
(F:\Teleinfo\TCC\TeseGeraldo\pretexto/epistrofe.aux)
(F:\Teleinfo\TCC\TeseGeraldo\pretexto/ccnc_resumo.aux)
(F:\Teleinfo\TCC\TeseGeraldo\pretexto/ccnc_abstract.aux)
(F:\Teleinfo\TCC\TeseGeraldo\ccnc_introducao/ccnc_introducao.aux)
(F:\Teleinfo\TCC\TeseGeraldo\ccnc_revisao/ccnc_revisao.aux)
(F:\Teleinfo\TCC\TeseGeraldo\ccnc_sdcc/ccnc_metodologia.aux)
(F:\Teleinfo\TCC\TeseGeraldo\ccnc_resultados/ccnc_resultados.aux)
(F:\Teleinfo\TCC\TeseGeraldo\ccnc_conclusoes/ccnc_conclusoes.aux)
(F:\Teleinfo\TCC\TeseGeraldo\ccnc_aerossois/ccnc_aerossois.aux)
(F:\Teleinfo\TCC\TeseGeraldo\ccnc_bancada/ccnc_bancada.aux

LaTeX Warning: Label `TSI3074FILTRO' multiply defined.

) (F:\Teleinfo\TCC\TeseGeraldo\ccnc_incertezas/ccnc_incertezas.aux))
LaTeX Font Info:    Checking defaults for OML/cmm/m/it on input line 88.
LaTeX Font Info:    ... okay on input line 88.
LaTeX Font Info:    Checking defaults for T1/cmr/m/n on input line 88.
LaTeX Font Info:    ... okay on input line 88.
LaTeX Font Info:    Checking defaults for OT1/cmr/m/n on input line 88.
LaTeX Font Info:    ... okay on input line 88.
LaTeX Font Info:    Checking defaults for OMS/cmsy/m/n on input line 88.
LaTeX Font Info:    ... okay on input line 88.
LaTeX Font Info:    Checking defaults for OMX/cmex/m/n on input line 88.
LaTeX Font Info:    ... okay on input line 88.
LaTeX Font Info:    Checking defaults for U/cmr/m/n on input line 88.
LaTeX Font Info:    ... okay on input line 88.
LaTeX Font Info:    Checking defaults for PD1/pdf/m/n on input line 88.
LaTeX Font Info:    ... okay on input line 88.
\c@lstlisting=\count175
Package caption Info: Begin \AtBeginDocument code.
Package caption Info: End \AtBeginDocument code.

*geometry* detected driver: dvips
*geometry* verbose mode - [ preamble ] result:
* driver: dvips
* paper: a4paper
* layout: <same size as paper>
* layoutoffset:(h,v)=(0.0pt,0.0pt)
* modes: 
* h-part:(L,W,R)=(85.35826pt, 426.79135pt, 85.35826pt)
* v-part:(T,H,B)=(99.58464pt, 660.10394pt, 85.35826pt)
* \paperwidth=597.50787pt
* \paperheight=845.04684pt
* \textwidth=426.79135pt
* \textheight=660.10394pt
* \oddsidemargin=13.08827pt
* \evensidemargin=13.08827pt
* \topmargin=-4.55914pt
* \headheight=12.0pt
* \headsep=19.8738pt
* \topskip=12.0pt
* \footskip=30.0pt
* \marginparwidth=38.0pt
* \marginparsep=7.0pt
* \columnsep=10.0pt
* \skip\footins=10.8pt plus 4.0pt minus 2.0pt
* \hoffset=0.0pt
* \voffset=0.0pt
* \mag=1000
* \@twocolumnfalse
* \@twosidefalse
* \@mparswitchfalse
* \@reversemarginfalse
* (1in=72.27pt=25.4mm, 1cm=28.453pt)

("F:\Programas\Latex\MiKTeX 2.9\tex\context\base\supp-pdf.mkii"
[Loading MPS to PDF converter (version 2006.09.02).]
\scratchcounter=\count176
\scratchdimen=\dimen182
\scratchbox=\box72
\nofMPsegments=\count177
\nofMParguments=\count178
\everyMPshowfont=\toks40
\MPscratchCnt=\count179
\MPscratchDim=\dimen183
\MPnumerator=\count180
\makeMPintoPDFobject=\count181
\everyMPtoPDFconversion=\toks41
)
\AtBeginShipoutBox=\box73
 ABD: EveryShipout initializing macros
("F:\Programas\Latex\MiKTeX 2.9\tex\latex\ms\ragged2e.sty"
Package: ragged2e 2009/05/21 v2.1 ragged2e Package (MS)

("F:\Programas\Latex\MiKTeX 2.9\tex\latex\ms\everysel.sty"
Package: everysel 2011/10/28 v1.2 EverySelectfont Package (MS)

ABD: EverySelectfont initializing macros
LaTeX Info: Redefining \selectfont on input line 126.
)
\CenteringLeftskip=\skip101
\RaggedLeftLeftskip=\skip102
\RaggedRightLeftskip=\skip103
\CenteringRightskip=\skip104
\RaggedLeftRightskip=\skip105
\RaggedRightRightskip=\skip106
\CenteringParfillskip=\skip107
\RaggedLeftParfillskip=\skip108
\RaggedRightParfillskip=\skip109
\JustifyingParfillskip=\skip110
\CenteringParindent=\skip111
\RaggedLeftParindent=\skip112
\RaggedRightParindent=\skip113
\JustifyingParindent=\skip114
)
Package hyperref Info: Link coloring OFF on input line 88.

("F:\Programas\Latex\MiKTeX 2.9\tex\latex\hyperref\nameref.sty"
Package: nameref 2010/04/30 v2.40 Cross-referencing by name of section

("F:\Programas\Latex\MiKTeX 2.9\tex\generic\oberdiek\gettitlestring.sty"
Package: gettitlestring 2010/12/03 v1.4 Cleanup title references (HO)
)
\c@section@level=\count182
)
LaTeX Info: Redefining \ref on input line 88.
LaTeX Info: Redefining \pageref on input line 88.
LaTeX Info: Redefining \nameref on input line 88.

(F:\Teleinfo\TCC\TeseGeraldo\ccnc_tese.out)
(F:\Teleinfo\TCC\TeseGeraldo\ccnc_tese.out)
\@outlinefile=\write4

(F:\Teleinfo\TCC\TeseGeraldo\pretexto/capa_externa.tex

Package pdftex.def Warning: Option `bb' does not make sense,
(pdftex.def)                using `viewport' instead on input line 4.

<figs/ufc.jpg, id=155, 383.4325pt x 466.74374pt>
File: figs/ufc.jpg Graphic file (type jpg)
 <use figs/ufc.jpg>
Package pdftex.def Info: figs/ufc.jpg used on input line 4.
(pdftex.def)             Requested size: 71.13188pt x 86.58147pt.
) [1
Non-PDF special ignored!
Non-PDF special ignored!


{C:/ProgramData/MiKTeX/2.9/pdftex/config/pdftex.map} <F:/Teleinfo/TCC/TeseGeral
do/figs/ufc.jpg>]
(F:\Teleinfo\TCC\TeseGeraldo\pretexto/capa.tex
("F:\Programas\Latex\MiKTeX 2.9\tex\latex\amsfonts\umsa.fd")
("F:\Programas\Latex\MiKTeX 2.9\tex\latex\amsfonts\umsb.fd")
Underfull \hbox (badness 10000) in alignment at lines 47--47
[][] 
 []

) [2


] (F:\Teleinfo\TCC\TeseGeraldo\pretexto/dedicatoria.tex) [1



]
(F:\Teleinfo\TCC\TeseGeraldo\pretexto/dedicatoria2.tex) [2


]
(F:\Teleinfo\TCC\TeseGeraldo\pretexto/agradecimentos.tex [3



]
Underfull \hbox (badness 4582) in paragraph at lines 29--30
\T1/cmr/m/n/12 - FUN-CAP pela bolsa con-ce-dida que pos-si-bi-li-tou mi-nha tem
-po-rada no
 []


Underfull \hbox (badness 10000) in paragraph at lines 33--34

 []

) [4] (F:\Teleinfo\TCC\TeseGeraldo\pretexto/epistrofe.tex) [5


]
(F:\Teleinfo\TCC\TeseGeraldo\pretexto/ccnc_resumo.tex
\tmpht=\dimen184

Underfull \hbox (badness 1102) in paragraph at lines 8--9
\T1/cmr/m/n/12 wa-tershed. Esse vo-lume de amos-tra-gem é cal-cu-lado atra-vés 
de uma nova
 []

)
Underfull \hbox (badness 10000) in paragraph at lines 14--118
\T1/cmr/bx/n/12 Palavras-chaves: \T1/cmr/m/n/12 trans-for-mada \T1/cmr/m/it/12 
wa-tershed\T1/cmr/m/n/12 ; trans-for-mada de dis-tân-cia;
 []


Underfull \hbox (badness 6428) in paragraph at lines 14--118
\T1/cmr/m/n/12 pro-ces-sa-mento de ima-gens di-gi-tais; ae-ros-sol at-mos-fé-ri
co; ins-tru-men-ta-ção
 []

[6



] (F:\Teleinfo\TCC\TeseGeraldo\pretexto/ccnc_abstract.tex
\tmpht=\dimen185
) [7



]
(F:\Teleinfo\TCC\TeseGeraldo\ccnc_tese.toc
Underfull \hbox (badness 3291) in paragraph at lines 15--15
 [] [][]\T1/cmr/bx/n/12 Novo Con-ta-dor de Nú-cleos de Con-den-sa-ção de Nu-ven
s - 
 []

[8


])
\tf@toc=\write5
 [9] (F:\Teleinfo\TCC\TeseGeraldo\ccnc_tese.lof
Underfull \hbox (badness 2653) in paragraph at lines 20--20
 [][] [][]  \T1/cmr/m/n/12 di-a-grama de blo-cos do hard-ware de con-trole das 
pas-ti-lhas 
 []

[10

]
Underfull \hbox (badness 5563) in paragraph at lines 55--55
 [][] [][]  \T1/cmr/m/n/12 cor-re-la-ção en-tre CPC e CCNC-SDCC uti-li-zando ae
-ros-sóis 
 []


Underfull \hbox (badness 7168) in paragraph at lines 56--56
 [][] [][]  \T1/cmr/m/n/12 cor-re-la-ção en-tre CPC e CCNC-SDCC uti-li-zando ae
-ros-sol 
 []


Underfull \hbox (badness 1014) in paragraph at lines 57--57
 \T1/cmr/m/n/12 uti-li-zando ae-ros-sóis mo-no-dis-pers-sivo de sul-fato de amô
-nia com 
 []

)
\tf@lof=\write6
 [11] (F:\Teleinfo\TCC\TeseGeraldo\ccnc_tese.lot
Underfull \hbox (badness 3884) in paragraph at lines 5--5
 [][] [][]\T1/cmr/m/n/12 resultados es-ta-tís-ti-cos para os dois sen-so-res de
 tem-pe-ra-tura 
 []

)
\tf@lot=\write7


Package Fancyhdr Warning: \fancyhead's `E' option without twoside option is use
less on input line 157.


Package Fancyhdr Warning: \fancyhead's `E' option without twoside option is use
less on input line 157.

[12

] (F:\Teleinfo\TCC\TeseGeraldo\ccnc_introducao/ccnc_introducao.tex
Cap\'{\i }tulo 1.
LaTeX Font Info:    Try loading font information for OT1+ptm on input line 3.
("F:\Programas\Latex\MiKTeX 2.9\tex\latex\psnfss\ot1ptm.fd"
File: ot1ptm.fd 2001/06/04 font definitions for OT1/ptm.
)
\tmpht=\dimen186


LaTeX Warning: Citation `Meteorologia' on page 1 undefined on input line 19.


LaTeX Warning: Citation `Roberts' on page 1 undefined on input line 19.


LaTeX Warning: Citation `scott' on page 1 undefined on input line 22.


LaTeX Warning: Citation `IPCC' on page 1 undefined on input line 25.


LaTeX Warning: Citation `Alexander' on page 1 undefined on input line 30.


LaTeX Warning: Citation `Marcel' on page 1 undefined on input line 30.


LaTeX Warning: Citation `Andreae' on page 1 undefined on input line 37.


LaTeX Warning: Citation `Debry' on page 1 undefined on input line 37.

pdfTeX warning (ext4): destination with the same identifier (name{page.1}) has 
been already used, duplicate ignored
<to be read again> 
                   \relax 
l.38 
      [1



]

LaTeX Warning: Citation `McMurry' on page 2 undefined on input line 71.


LaTeX Warning: Citation `Meteorologia' on page 2 undefined on input line 71.


LaTeX Warning: Citation `Roberts' on page 2 undefined on input line 71.


LaTeX Warning: Citation `Rosenfeld' on page 2 undefined on input line 71.


Package Fancyhdr Warning: \headheight is too small (12.0pt): 
 Make it at least 13.59999pt.
 We now make it that large for the rest of the document.
 This may cause the page layout to be inconsistent, however.

pdfTeX warning (ext4): destination with the same identifier (name{page.2}) has 
been already used, duplicate ignored
<to be read again> 
                   \relax 
l.72 
      [2]

LaTeX Warning: Citation `wilson' on page 3 undefined on input line 78.


LaTeX Warning: Citation `Nenes' on page 3 undefined on input line 81.


Underfull \hbox (badness 10000) detected at line 85
[]
 []


LaTeX Warning: Citation `twomey' on page 3 undefined on input line 87.


LaTeX Warning: Citation `Lala' on page 3 undefined on input line 87.


LaTeX Warning: Citation `Oliveira' on page 3 undefined on input line 87.


LaTeX Warning: Citation `Pinheiro' on page 3 undefined on input line 87.


Underfull \hbox (badness 1033) in paragraph at lines 87--88
\T1/cmr/m/n/12 pos-te-ri-or-mente, téc-ni-cas para me-dir o es-pa-lha-mento de 
luz fo-ram in-se-ri-das,
 []


LaTeX Warning: Citation `Rose' on page 3 undefined on input line 91.


LaTeX Warning: Citation `Frank' on page 3 undefined on input line 91.


LaTeX Warning: Citation `Andreae' on page 3 undefined on input line 91.


Package Fancyhdr Warning: \headheight is too small (12.0pt): 
 Make it at least 13.59999pt.
 We now make it that large for the rest of the document.
 This may cause the page layout to be inconsistent, however.

[3]
Underfull \hbox (badness 10000) detected at line 102
[]
 []


Package Fancyhdr Warning: \headheight is too small (12.0pt): 
 Make it at least 13.59999pt.
 We now make it that large for the rest of the document.
 This may cause the page layout to be inconsistent, however.

[4]
Underfull \hbox (badness 1067) in paragraph at lines 117--118
[]\T1/cmr/m/n/12 caracterização do fun-ci-o-na-mento do CCNC-SDCC atra-vés de t
es-tes de
 []


Underfull \hbox (badness 10000) detected at line 122
[]
 []

)

Package Fancyhdr Warning: \headheight is too small (12.0pt): 
 Make it at least 13.59999pt.
 We now make it that large for the rest of the document.
 This may cause the page layout to be inconsistent, however.

[5] (F:\Teleinfo\TCC\TeseGeraldo\ccnc_revisao/ccnc_revisao.tex
Cap\'{\i }tulo 2.
\tmpht=\dimen187

LaTeX Warning: Citation `Matteo' on page 6 undefined on input line 6.


LaTeX Warning: Citation `wilson' on page 6 undefined on input line 6.


Underfull \hbox (badness 2538) in paragraph at lines 8--9
\T1/cmr/m/n/12 su-per-sa-tu-rada de va-por de água (umi-dade re-la-tiva maior d
o que 100%),
 []


Underfull \hbox (badness 10000) detected at line 14
[]
 []

[6



]

LaTeX Warning: Citation `Langsdorf' on page 7 undefined on input line 19.


LaTeX Warning: Citation `twomey' on page 7 undefined on input line 19.


LaTeX Warning: Citation `wagner' on page 7 undefined on input line 21.


LaTeX Warning: Citation `wagner' on page 7 undefined on input line 25.


LaTeX Warning: Citation `Frank' on page 7 undefined on input line 25.


Package Fancyhdr Warning: \headheight is too small (12.0pt): 
 Make it at least 13.59999pt.
 We now make it that large for the rest of the document.
 This may cause the page layout to be inconsistent, however.

[7]
File: eps/figSaturacao.eps Graphic file (type eps)
 <eps/figSaturacao.eps>
Underfull \hbox (badness 1325) in paragraph at lines 76--77
[]\T1/cmr/m/n/12 Os per-fis, mos-tra-dos na Fi-gura []2.1[], fo-ram cal-cu-la-d
os considerando-se a
 []


Package Fancyhdr Warning: \headheight is too small (12.0pt): 
 Make it at least 13.59999pt.
 We now make it that large for the rest of the document.
 This may cause the page layout to be inconsistent, however.

[8]

LaTeX Warning: Citation `Frisvad' on page 9 undefined on input line 80.


LaTeX Warning: Citation `Oliveira' on page 9 undefined on input line 80.


LaTeX Warning: Citation `Oliveira' on page 9 undefined on input line 80.


LaTeX Warning: Citation `McMurry' on page 9 undefined on input line 80.


LaTeX Warning: Citation `Pinheiro' on page 9 undefined on input line 80.


Package Fancyhdr Warning: \headheight is too small (12.0pt): 
 Make it at least 13.59999pt.
 We now make it that large for the rest of the document.
 This may cause the page layout to be inconsistent, however.

[9
Non-PDF special ignored!]

Package Fancyhdr Warning: \headheight is too small (12.0pt): 
 Make it at least 13.59999pt.
 We now make it that large for the rest of the document.
 This may cause the page layout to be inconsistent, however.

[10]
File: eps/CCNC_WYO.eps Graphic file (type eps)
 <eps/CCNC_WYO.eps>
Overfull \hbox (9.83989pt too wide) in paragraph at lines 92--92
 [] 
 []


Underfull \hbox (badness 10000) detected at line 101
[]
 []


LaTeX Warning: Citation `Sinnarwalla' on page 11 undefined on input line 103.


Package Fancyhdr Warning: \headheight is too small (12.0pt): 
 Make it at least 13.59999pt.
 We now make it that large for the rest of the document.
 This may cause the page layout to be inconsistent, however.

[11]
Underfull \hbox (badness 1975) in paragraph at lines 127--128
[]\T1/cmr/m/n/12 O sis-tema de me-dida da con-cen-tra-ção no CCNC-CFDC é ba-se-
ado no
 []


Package Fancyhdr Warning: \headheight is too small (12.0pt): 
 Make it at least 13.59999pt.
 We now make it that large for the rest of the document.
 This may cause the page layout to be inconsistent, however.

[12
Non-PDF special ignored!]
File: eps/cfcd.eps Graphic file (type eps)
 <eps/cfcd.eps>
Underfull \hbox (badness 10000) detected at line 137
[]
 []


LaTeX Warning: Citation `Fukuta2' on page 13 undefined on input line 138.


Package Fancyhdr Warning: \headheight is too small (12.0pt): 
 Make it at least 13.59999pt.
 We now make it that large for the rest of the document.
 This may cause the page layout to be inconsistent, however.

[13
Non-PDF special ignored!]
File: eps/fukuta_ccnc.eps Graphic file (type eps)
 <eps/fukuta_ccnc.eps>
Overfull \hbox (31.71465pt too wide) in paragraph at lines 156--156
 [] 
 []


Underfull \hbox (badness 10000) detected at line 164
[]
 []


LaTeX Warning: Citation `chuang' on page 14 undefined on input line 166.


LaTeX Warning: Citation `Hudson' on page 14 undefined on input line 166.


LaTeX Warning: Citation `Hoppel' on page 14 undefined on input line 166.


LaTeX Warning: Citation `chuang' on page 14 undefined on input line 169.


Package Fancyhdr Warning: \headheight is too small (12.0pt): 
 Make it at least 13.59999pt.
 We now make it that large for the rest of the document.
 This may cause the page layout to be inconsistent, however.

[14
Non-PDF special ignored!]
File: eps/caltech.eps Graphic file (type eps)
 <eps/caltech.eps>

Package Fancyhdr Warning: \headheight is too small (12.0pt): 
 Make it at least 13.59999pt.
 We now make it that large for the rest of the document.
 This may cause the page layout to be inconsistent, however.

[15
Non-PDF special ignored!]
Underfull \hbox (badness 10000) detected at line 182
[]
 []


LaTeX Warning: Citation `Otto' on page 16 undefined on input line 185.

File: eps/ccnc3estagios.eps Graphic file (type eps)
<eps/ccnc3estagios.eps>

Package Fancyhdr Warning: \headheight is too small (12.0pt): 
 Make it at least 13.59999pt.
 We now make it that large for the rest of the document.
 This may cause the page layout to be inconsistent, however.

[16]
Underfull \hbox (badness 10000) detected at line 210
[]
 []


LaTeX Warning: Citation `Lala' on page 17 undefined on input line 212.


LaTeX Warning: Citation `Frank' on page 17 undefined on input line 214.


LaTeX Warning: Citation `Frank' on page 17 undefined on input line 214.


LaTeX Warning: Citation `Rose' on page 17 undefined on input line 214.


Package Fancyhdr Warning: \headheight is too small (12.0pt): 
 Make it at least 13.59999pt.
 We now make it that large for the rest of the document.
 This may cause the page layout to be inconsistent, however.

[17
Non-PDF special ignored!]
File: eps/ccnc_mainz.eps Graphic file (type eps)
 <eps/ccnc_mainz.eps>)

Package Fancyhdr Warning: \headheight is too small (12.0pt): 
 Make it at least 13.59999pt.
 We now make it that large for the rest of the document.
 This may cause the page layout to be inconsistent, however.

[18
Non-PDF special ignored!]
(F:\Teleinfo\TCC\TeseGeraldo\ccnc_sdcc/ccnc_metodologia.tex
Cap\'{\i }tulo 3.
\tmpht=\dimen188
[19



]
Underfull \hbox (badness 10000) detected at line 15
[]
 []

File: eps/SDTC_nova.eps Graphic file (type eps)
<eps/SDTC_nova.eps>

Package Fancyhdr Warning: \headheight is too small (12.0pt): 
 Make it at least 13.59999pt.
 We now make it that large for the rest of the document.
 This may cause the page layout to be inconsistent, however.

[20]

Package Fancyhdr Warning: \headheight is too small (12.0pt): 
 Make it at least 13.59999pt.
 We now make it that large for the rest of the document.
 This may cause the page layout to be inconsistent, however.

[21
Non-PDF special ignored!]
File: eps/novo_ccnc2.eps Graphic file (type eps)
 <eps/novo_ccnc2.eps>
File: eps/ccnc_detalhes_1a.eps Graphic file (type eps)
 <eps/ccnc_detalhes_1a.eps>
File: eps/ccnc_detalhes_2.eps Graphic file (type eps)

<eps/ccnc_detalhes_2.eps>
File: eps/ccnc_detalhes_3.eps Graphic file (type eps)
 <eps/ccnc_detalhes_3.eps>
File: eps/ccnc_detalhes_4.eps Graphic file (type eps)
 <eps/ccnc_detalhes_4.eps>
File: eps/ccnc_detalhes_6.eps Graphic file (type eps)

<eps/ccnc_detalhes_6.eps>
Underfull \hbox (badness 10000) detected at line 59
[]
 []


Package Fancyhdr Warning: \headheight is too small (12.0pt): 
 Make it at least 13.59999pt.
 We now make it that large for the rest of the document.
 This may cause the page layout to be inconsistent, however.

[22
Non-PDF special ignored!]

Package Fancyhdr Warning: \headheight is too small (12.0pt): 
 Make it at least 13.59999pt.
 We now make it that large for the rest of the document.
 This may cause the page layout to be inconsistent, however.

[23
Non-PDF special ignored!
Non-PDF special ignored!
Non-PDF special ignored!
Non-PDF special ignored!
Non-PDF special ignored!]

LaTeX Warning: Citation `Frank' on page 24 undefined on input line 66.


LaTeX Warning: Citation `Frank' on page 24 undefined on input line 86.


Package Fancyhdr Warning: \headheight is too small (12.0pt): 
 Make it at least 13.59999pt.
 We now make it that large for the rest of the document.
 This may cause the page layout to be inconsistent, however.

[24]
File: eps/crt_SDCC2.eps Graphic file (type eps)
 <eps/crt_SDCC2.eps>

Package Fancyhdr Warning: \headheight is too small (12.0pt): 
 Make it at least 13.59999pt.
 We now make it that large for the rest of the document.
 This may cause the page layout to be inconsistent, however.

[25]
Underfull \hbox (badness 1342) in paragraph at lines 101--102
\T1/cmr/m/n/12 ds-PIC30F4013. Esse mi-cro-col-tro-la-dor, de alto de-sem-pe-nho
, fa-bri-cado pela
 []


Underfull \hbox (badness 1087) in paragraph at lines 101--102
\T1/cmr/m/n/12 a quais-quer mi-cro-con-tro-la-dor, bem como de re-a-li-zar cál-
cu-los es-pe-cí-fi-cos em
 []


Package Fancyhdr Warning: \headheight is too small (12.0pt): 
 Make it at least 13.59999pt.
 We now make it that large for the rest of the document.
 This may cause the page layout to be inconsistent, however.

[26
Non-PDF special ignored!]
File: eps/CCNCTELA01.eps Graphic file (type eps)
 <eps/CCNCTELA01.eps>

Package Fancyhdr Warning: \headheight is too small (12.0pt): 
 Make it at least 13.59999pt.
 We now make it that large for the rest of the document.
 This may cause the page layout to be inconsistent, however.

[27]
File: eps/CCNCtela03.eps Graphic file (type eps)
 <eps/CCNCtela03.eps>
File: eps/CCNCtela02.eps Graphic file (type eps)
 <eps/CCNCtela02.eps>
Underfull \hbox (badness 6125) in paragraph at lines 149--149
 |[]\T1/cmr/bx/n/14.4 Descrição dos al-go-rit-mos usa-dos no CCNC-SDCC
 []


Underfull \hbox (badness 10000) detected at line 149
[]
 []


Package Fancyhdr Warning: \headheight is too small (12.0pt): 
 Make it at least 13.59999pt.
 We now make it that large for the rest of the document.
 This may cause the page layout to be inconsistent, however.

[28
Non-PDF special ignored!
Non-PDF special ignored!]

LaTeX Warning: Citation `Schmitt' on page 29 undefined on input line 152.


LaTeX Warning: Citation `Albuquerque' on page 29 undefined on input line 152.


LaTeX Warning: Citation `Pavlidis' on page 29 undefined on input line 152.


LaTeX Warning: Citation `Felix' on page 29 undefined on input line 152.


LaTeX Warning: Citation `Norberto' on page 29 undefined on input line 152.


LaTeX Warning: Citation `Xiaodong' on page 29 undefined on input line 152.


LaTeX Warning: Citation `Mao' on page 29 undefined on input line 152.


LaTeX Warning: Citation `Parvati' on page 29 undefined on input line 152.


LaTeX Warning: Citation `Li' on page 29 undefined on input line 152.


LaTeX Warning: Citation `Xie' on page 29 undefined on input line 152.


Package Fancyhdr Warning: \headheight is too small (12.0pt): 
 Make it at least 13.59999pt.
 We now make it that large for the rest of the document.
 This may cause the page layout to be inconsistent, however.

[29
Non-PDF special ignored!]

LaTeX Warning: Citation `Gonzales' on page 30 undefined on input line 158.


LaTeX Warning: Citation `bernd' on page 30 undefined on input line 160.


Package Fancyhdr Warning: \headheight is too small (12.0pt): 
 Make it at least 13.59999pt.
 We now make it that large for the rest of the document.
 This may cause the page layout to be inconsistent, however.

[30]
File: eps/conectado1.eps Graphic file (type eps)
 <eps/conectado1.eps>

LaTeX Warning: Citation `Ricardo' on page 31 undefined on input line 177.

File: eps/transfcinza2.eps Graphic file (type eps)
<eps/transfcinza2.eps>

Package Fancyhdr Warning: \headheight is too small (12.0pt): 
 Make it at least 13.59999pt.
 We now make it that large for the rest of the document.
 This may cause the page layout to be inconsistent, however.

[31
Non-PDF special ignored!]

LaTeX Warning: Citation `Digabel' on page 32 undefined on input line 238.


LaTeX Warning: Citation `Lantuejoul' on page 32 undefined on input line 238.


LaTeX Warning: Citation `Beucher' on page 32 undefined on input line 238.


LaTeX Warning: Citation `Luc' on page 32 undefined on input line 238.


LaTeX Warning: Citation `Gonzales' on page 32 undefined on input line 240.


LaTeX Warning: Citation `Luc' on page 32 undefined on input line 252.


Package Fancyhdr Warning: \headheight is too small (12.0pt): 
 Make it at least 13.59999pt.
 We now make it that large for the rest of the document.
 This may cause the page layout to be inconsistent, however.

[32
Non-PDF special ignored!]
File: eps/watershed_final9.eps Graphic file (type eps)
 <eps/watershed_final9.eps>

Package Fancyhdr Warning: \headheight is too small (12.0pt): 
 Make it at least 13.59999pt.
 We now make it that large for the rest of the document.
 This may cause the page layout to be inconsistent, however.

[33]
File: eps/algoritmo3.eps Graphic file (type eps)
 <eps/algoritmo3.eps>

Package Fancyhdr Warning: \headheight is too small (12.0pt): 
 Make it at least 13.59999pt.
 We now make it that large for the rest of the document.
 This may cause the page layout to be inconsistent, however.

[34
Non-PDF special ignored!
Non-PDF special ignored!]
Underfull \hbox (badness 10000) detected at line 343
[]
 []


Package Fancyhdr Warning: \headheight is too small (12.0pt): 
 Make it at least 13.59999pt.
 We now make it that large for the rest of the document.
 This may cause the page layout to be inconsistent, however.

[35]
File: eps/procedure_laser_BW_regua2.eps Graphic file (type eps)
 <eps/procedure_laser_BW_regua2.eps>
File: eps/procedure_laser_BW_4frames_2.eps Graphic file (type eps)

<eps/procedure_laser_BW_4frames_2.eps>
File: eps/procedure_laser_BW_2000_frames2.eps Graphic file (type eps)

<eps/procedure_laser_BW_2000_frames2.eps>

Package Fancyhdr Warning: \headheight is too small (12.0pt): 
 Make it at least 13.59999pt.
 We now make it that large for the rest of the document.
 This may cause the page layout to be inconsistent, however.

[36]
File: eps/diametroLASER3.eps Graphic file (type eps)
 <eps/diametroLASER3.eps>

Package Fancyhdr Warning: \headheight is too small (12.0pt): 
 Make it at least 13.59999pt.
 We now make it that large for the rest of the document.
 This may cause the page layout to be inconsistent, however.

[37
Non-PDF special ignored!
Non-PDF special ignored!
Non-PDF special ignored!
Non-PDF special ignored!])

Package Fancyhdr Warning: \headheight is too small (12.0pt): 
 Make it at least 13.59999pt.
 We now make it that large for the rest of the document.
 This may cause the page layout to be inconsistent, however.

[38] (F:\Teleinfo\TCC\TeseGeraldo\ccnc_resultados/ccnc_resultados.tex
Cap\'{\i }tulo 4.
\tmpht=\dimen189

Underfull \hbox (badness 10000) detected at line 9
[]
 []

[39



]
File: epsGotas/c1.eps Graphic file (type eps)
 <epsGotas/c1.eps>
File: epsGotas/c1Seg.eps Graphic file (type eps)
 <epsGotas/c1Seg.eps>
File: epsGotas/c2.eps Graphic file (type eps)
 <epsGotas/c2.eps>
File: epsGotas/c2Seg.eps Graphic file (type eps)

<epsGotas/c2Seg.eps>
File: epsGotas/c3.eps Graphic file (type eps)
 <epsGotas/c3.eps>
File: epsGotas/c3Seg.eps Graphic file (type eps)
 <epsGotas/c3Seg.eps>
File: epsGotas/c4.eps Graphic file (type eps)
 <epsGotas/c4.eps>
File: epsGotas/c4Seg.eps Graphic file (type eps)

<epsGotas/c4Seg.eps>
File: epsGotas/c5.eps Graphic file (type eps)
 <epsGotas/c5.eps>
File: epsGotas/c5Seg.eps Graphic file (type eps)
 <epsGotas/c5Seg.eps>

Package Fancyhdr Warning: \headheight is too small (12.0pt): 
 Make it at least 13.59999pt.
 We now make it that large for the rest of the document.
 This may cause the page layout to be inconsistent, however.

[40
Non-PDF special ignored!
Non-PDF special ignored!
Non-PDF special ignored!
Non-PDF special ignored!]

Package Fancyhdr Warning: \headheight is too small (12.0pt): 
 Make it at least 13.59999pt.
 We now make it that large for the rest of the document.
 This may cause the page layout to be inconsistent, however.

[41
Non-PDF special ignored!
Non-PDF special ignored!
Non-PDF special ignored!
Non-PDF special ignored!
Non-PDF special ignored!
Non-PDF special ignored!]

LaTeX Warning: Citation `Rose' on page 42 undefined on input line 57.

File: epsGotas/gotaSegDetalhado.eps Graphic file (type eps)
<epsGotas/gotaSegDetalhado.eps>
File: epsGotas/TabelaGotas.eps Graphic file (type eps)
 <epsGotas/TabelaGotas.eps>
Underfull \hbox (badness 10000) in paragraph at lines 72--72
 |[]\T1/cmr/bx/n/14.4 Metodologia para ava-li-a-ção de de-sem-pe-nho do
 []


Underfull \hbox (badness 10000) detected at line 72
[]
 []


LaTeX Warning: Citation `Frank' on page 42 undefined on input line 74.


LaTeX Warning: Citation `HSU' on page 42 undefined on input line 74.


Package Fancyhdr Warning: \headheight is too small (12.0pt): 
 Make it at least 13.59999pt.
 We now make it that large for the rest of the document.
 This may cause the page layout to be inconsistent, however.

[42]

Package Fancyhdr Warning: \headheight is too small (12.0pt): 
 Make it at least 13.59999pt.
 We now make it that large for the rest of the document.
 This may cause the page layout to be inconsistent, however.

[43
Non-PDF special ignored!
Non-PDF special ignored!]
File: eps/bga2.eps Graphic file (type eps)
 <eps/bga2.eps>
Underfull \hbox (badness 1107) in paragraph at lines 89--90
\T1/cmr/m/n/12 con-si-de-ra-ções do ponto de vista prá-tico, no que diz res-pei
to ao ajuste de
 []


Package Fancyhdr Warning: \headheight is too small (12.0pt): 
 Make it at least 13.59999pt.
 We now make it that large for the rest of the document.
 This may cause the page layout to be inconsistent, however.

[44
Non-PDF special ignored!]

LaTeX Warning: Citation `Andreae' on page 45 undefined on input line 103.


Package Fancyhdr Warning: \headheight is too small (12.0pt): 
 Make it at least 13.59999pt.
 We now make it that large for the rest of the document.
 This may cause the page layout to be inconsistent, however.

[45]
File: GraficosMatlab/concvar.eps Graphic file (type eps)
 <GraficosMatlab/concvar.eps>

Package Fancyhdr Warning: \headheight is too small (12.0pt): 
 Make it at least 13.59999pt.
 We now make it that large for the rest of the document.
 This may cause the page layout to be inconsistent, however.

[46
Non-PDF special ignored!]
File: GraficosMatlab/transiente.eps Graphic file (type eps)
 <GraficosMatlab/transiente.eps>
Underfull \hbox (badness 10000) detected at line 135
[]
 []


LaTeX Warning: Citation `Frank' on page 47 undefined on input line 136.


LaTeX Warning: Citation `Andreae' on page 47 undefined on input line 138.


Package Fancyhdr Warning: \headheight is too small (12.0pt): 
 Make it at least 13.59999pt.
 We now make it that large for the rest of the document.
 This may cause the page layout to be inconsistent, however.

[47
Non-PDF special ignored!]
File: GraficosMatlab/corr_300nm.eps Graphic file (type eps)
 <GraficosMatlab/corr_300nm.eps>
File: GraficosMatlab/corr_100nm.eps Graphic file (type eps)

<GraficosMatlab/corr_100nm.eps>

Package Fancyhdr Warning: \headheight is too small (12.0pt): 
 Make it at least 13.59999pt.
 We now make it that large for the rest of the document.
 This may cause the page layout to be inconsistent, however.

[48
Non-PDF special ignored!]
File: GraficosMatlab/dispersao.eps Graphic file (type eps)
 <GraficosMatlab/dispersao.eps>
File: GraficosMatlab/hstcpc.eps Graphic file (type eps)

<GraficosMatlab/hstcpc.eps>
File: GraficosMatlab/hstccnc.eps Graphic file (type eps)
 <GraficosMatlab/hstccnc.eps>
Underfull \hbox (badness 10000) detected at line 197
[]
 []


Underfull \hbox (badness 2181) in paragraph at lines 198--199
\T1/cmr/m/n/12 At-mos-fé-ri-cas (ALPA) cuja fi-na-li-dade é re-a-li-zar as me-d
i-das de pa-râ-me-tros
 []


Package Fancyhdr Warning: \headheight is too small (12.0pt): 
 Make it at least 13.59999pt.
 We now make it that large for the rest of the document.
 This may cause the page layout to be inconsistent, however.

[49
Non-PDF special ignored!
Non-PDF special ignored!]

Package Fancyhdr Warning: \headheight is too small (12.0pt): 
 Make it at least 13.59999pt.
 We now make it that large for the rest of the document.
 This may cause the page layout to be inconsistent, however.

[50
Non-PDF special ignored!
Non-PDF special ignored!]
Underfull \hbox (badness 1303) in paragraph at lines 218--219
[]\T1/cmr/m/n/12 Na cons-tru-ção do CCNC-SDCC fo-ram uti-li-za-dos com-po-nen-t
es fa-cil-mente
 []

File: eps/ccnclaptop.eps Graphic file (type eps)
<eps/ccnclaptop.eps>
File: eps/CCNCxCCNC2.eps Graphic file (type eps)
 <eps/CCNCxCCNC2.eps>
File: eps/ccncxccnc3.eps Graphic file (type eps)
 <eps/ccncxccnc3.eps>
Overfull \hbox (1.80989pt too wide) in paragraph at lines 242--242
 [] 
 []

)

Package Fancyhdr Warning: \headheight is too small (12.0pt): 
 Make it at least 13.59999pt.
 We now make it that large for the rest of the document.
 This may cause the page layout to be inconsistent, however.

[51]

Package Fancyhdr Warning: \headheight is too small (12.0pt): 
 Make it at least 13.59999pt.
 We now make it that large for the rest of the document.
 This may cause the page layout to be inconsistent, however.

[52
Non-PDF special ignored!
Non-PDF special ignored!]

Package Fancyhdr Warning: \headheight is too small (12.0pt): 
 Make it at least 13.59999pt.
 We now make it that large for the rest of the document.
 This may cause the page layout to be inconsistent, however.

[53
Non-PDF special ignored!]
(F:\Teleinfo\TCC\TeseGeraldo\ccnc_conclusoes/ccnc_conclusoes.tex
Cap\'{\i }tulo 5.
\tmpht=\dimen190
[54



]
Underfull \hbox (badness 2042) in paragraph at lines 13--14
[]\T1/cmr/m/n/12 A ex-pan-são da ca-pa-ci-dade de con-ta-gem de go-tas para cer
ca de 4000
 []


Package Fancyhdr Warning: \headheight is too small (12.0pt): 
 Make it at least 13.59999pt.
 We now make it that large for the rest of the document.
 This may cause the page layout to be inconsistent, however.

[55])

Package Fancyhdr Warning: \headheight is too small (12.0pt): 
 Make it at least 13.59999pt.
 We now make it that large for the rest of the document.
 This may cause the page layout to be inconsistent, however.

[56] (F:\Teleinfo\TCC\TeseGeraldo\ccnc_aerossois/ccnc_aerossois.tex
Ap\^endice A.

LaTeX Warning: Citation `Mendes' on page 57 undefined on input line 8.


LaTeX Warning: Citation `HSU' on page 57 undefined on input line 10.


LaTeX Warning: Citation `Joel' on page 57 undefined on input line 10.


LaTeX Warning: Citation `Wang' on page 57 undefined on input line 10.

[57



]

LaTeX Warning: Citation `Junge' on page 58 undefined on input line 12.


LaTeX Warning: Citation `Junge' on page 58 undefined on input line 12.


Underfull \hbox (badness 10000) detected at line 15
[]
 []


LaTeX Warning: Citation `Mendes' on page 58 undefined on input line 17.


LaTeX Warning: Citation `Mendes' on page 58 undefined on input line 19.


LaTeX Warning: Citation `Mason' on page 58 undefined on input line 19.


Package Fancyhdr Warning: \headheight is too small (12.0pt): 
 Make it at least 13.59999pt.
 We now make it that large for the rest of the document.
 This may cause the page layout to be inconsistent, however.

[58]

LaTeX Warning: Citation `Mendes' on page 59 undefined on input line 21.


Underfull \hbox (badness 10000) detected at line 28
[]
 []


LaTeX Warning: Citation `Squires' on page 59 undefined on input line 30.


LaTeX Warning: Citation `Twomey2' on page 59 undefined on input line 30.


Package Fancyhdr Warning: \headheight is too small (12.0pt): 
 Make it at least 13.59999pt.
 We now make it that large for the rest of the document.
 This may cause the page layout to be inconsistent, however.

[59]
File: eps/medidasAero2.eps Graphic file (type eps)
 <eps/medidasAero2.eps>
Underfull \hbox (badness 10000) detected at line 40
[]
 []


LaTeX Warning: Citation `Howell' on page 60 undefined on input line 41.


Package Fancyhdr Warning: \headheight is too small (12.0pt): 
 Make it at least 13.59999pt.
 We now make it that large for the rest of the document.
 This may cause the page layout to be inconsistent, however.

[60
Non-PDF special ignored!]

LaTeX Warning: Citation `freud' on page 61 undefined on input line 46.

File: eps/howell.eps Graphic file (type eps)
<eps/howell.eps>

LaTeX Warning: Citation `Twomey3' on page 61 undefined on input line 56.


LaTeX Warning: Citation `Andreae' on page 61 undefined on input line 58.


LaTeX Warning: Citation `Debry' on page 61 undefined on input line 58.


Package Fancyhdr Warning: \headheight is too small (12.0pt): 
 Make it at least 13.59999pt.
 We now make it that large for the rest of the document.
 This may cause the page layout to be inconsistent, however.

[61])

Package Fancyhdr Warning: \headheight is too small (12.0pt): 
 Make it at least 13.59999pt.
 We now make it that large for the rest of the document.
 This may cause the page layout to be inconsistent, however.

[62
Non-PDF special ignored!]
(F:\Teleinfo\TCC\TeseGeraldo\ccnc_bancada/ccnc_bancada.tex
Ap\^endice B.
[63



]
File: eps/TSI3074FILTRO.eps Graphic file (type eps)
 <eps/TSI3074FILTRO.eps>
File: eps/TSI3076ATOMIZADOR.eps Graphic file (type eps)
 <eps/TSI3076ATOMIZADOR.eps>
File: eps/TSI3062SECADOR.eps Graphic file (type eps)

<eps/TSI3062SECADOR.eps>
File: eps/TSI3025CPC.eps Graphic file (type eps)
 <eps/TSI3025CPC.eps>
File: eps/TSI3080CE.eps Graphic file (type eps)
 <eps/TSI3080CE.eps>
File: eps/BANCADA_FOTO.eps Graphic file (type eps)

<eps/BANCADA_FOTO.eps>

Package hyperref Warning: Difference (2) between bookmark levels is greater 
(hyperref)                than one, level fixed on input line 59.


LaTeX Warning: Citation `SL' on page 64 undefined on input line 60.


Underfull \hbox (badness 1259) in paragraph at lines 60--61
\T1/cmr/m/n/12 ae-ros-sóis até os mais va-ri-a-dos ins-tru-men-tos de me-di-ção
. De-pen-dendo das
 []


Package Fancyhdr Warning: \headheight is too small (12.0pt): 
 Make it at least 13.59999pt.
 We now make it that large for the rest of the document.
 This may cause the page layout to be inconsistent, however.

[64
Non-PDF special ignored!]
File: eps/dutos.eps Graphic file (type eps)
 <eps/dutos.eps>)

Package Fancyhdr Warning: \headheight is too small (12.0pt): 
 Make it at least 13.59999pt.
 We now make it that large for the rest of the document.
 This may cause the page layout to be inconsistent, however.

[65
Non-PDF special ignored!]

Package Fancyhdr Warning: \headheight is too small (12.0pt): 
 Make it at least 13.59999pt.
 We now make it that large for the rest of the document.
 This may cause the page layout to be inconsistent, however.

[66
Non-PDF special ignored!
Non-PDF special ignored!]

Package Fancyhdr Warning: \headheight is too small (12.0pt): 
 Make it at least 13.59999pt.
 We now make it that large for the rest of the document.
 This may cause the page layout to be inconsistent, however.

[67
Non-PDF special ignored!
Non-PDF special ignored!]

Package Fancyhdr Warning: \headheight is too small (12.0pt): 
 Make it at least 13.59999pt.
 We now make it that large for the rest of the document.
 This may cause the page layout to be inconsistent, however.

[68
Non-PDF special ignored!]
(F:\Teleinfo\TCC\TeseGeraldo\ccnc_incertezas/ccnc_incertezas.tex
Ap\^endice C.
[69



]
File: derivacao/SdccPapel.eps Graphic file (type eps)
 <derivacao/SdccPapel.eps>
File: derivacao/Calibracao.eps Graphic file (type eps)
 <derivacao/Calibracao.eps>

Package Fancyhdr Warning: \headheight is too small (12.0pt): 
 Make it at least 13.59999pt.
 We now make it that large for the rest of the document.
 This may cause the page layout to be inconsistent, however.

[70
Non-PDF special ignored!
Non-PDF special ignored!])

Package Fancyhdr Warning: \headheight is too small (12.0pt): 
 Make it at least 13.59999pt.
 We now make it that large for the rest of the document.
 This may cause the page layout to be inconsistent, however.

[71]

Package Fancyhdr Warning: \headheight is too small (12.0pt): 
 Make it at least 13.59999pt.
 We now make it that large for the rest of the document.
 This may cause the page layout to be inconsistent, however.

[72]
Ap\^endice D.
[73


]

Package pdftex.def Warning: Option `bb' does not make sense,
(pdftex.def)                using `viewport' instead on input line 200.

<eps/ccncsch.pdf, id=838, 794.97pt x 614.295pt>
File: eps/ccncsch.pdf Graphic file (type pdf)
 <use eps/ccncsch.pdf>
Package pdftex.def Info: eps/ccncsch.pdf used on input line 200.
(pdftex.def)             Requested size: 422.77562pt x -130.08481pt.

(F:\Teleinfo\TCC\TeseGeraldo\ccnc_tese.bbl

Package Fancyhdr Warning: \headheight is too small (12.0pt): 
 Make it at least 13.59999pt.
 We now make it that large for the rest of the document.
 This may cause the page layout to be inconsistent, however.

[74 <F:/Teleinfo/TCC/TeseGeraldo/eps/ccncsch.pdf, page is rotated 270 degrees>]

LaTeX Warning: Empty `thebibliography' environment on input line 8.

)
Package atveryend Info: Empty hook `BeforeClearDocument' on input line 223.
 [75

]
Package atveryend Info: Empty hook `AfterLastShipout' on input line 223.
 (F:\Teleinfo\TCC\TeseGeraldo\ccnc_tese.aux
(F:\Teleinfo\TCC\TeseGeraldo\pretexto/capa_externa.aux)
(F:\Teleinfo\TCC\TeseGeraldo\pretexto/capa.aux)
(F:\Teleinfo\TCC\TeseGeraldo\pretexto/dedicatoria.aux)
(F:\Teleinfo\TCC\TeseGeraldo\pretexto/dedicatoria2.aux)
(F:\Teleinfo\TCC\TeseGeraldo\pretexto/agradecimentos.aux)
(F:\Teleinfo\TCC\TeseGeraldo\pretexto/epistrofe.aux)
(F:\Teleinfo\TCC\TeseGeraldo\pretexto/ccnc_resumo.aux)
(F:\Teleinfo\TCC\TeseGeraldo\pretexto/ccnc_abstract.aux)
(F:\Teleinfo\TCC\TeseGeraldo\ccnc_introducao/ccnc_introducao.aux)
(F:\Teleinfo\TCC\TeseGeraldo\ccnc_revisao/ccnc_revisao.aux)
(F:\Teleinfo\TCC\TeseGeraldo\ccnc_sdcc/ccnc_metodologia.aux)
(F:\Teleinfo\TCC\TeseGeraldo\ccnc_resultados/ccnc_resultados.aux)
(F:\Teleinfo\TCC\TeseGeraldo\ccnc_conclusoes/ccnc_conclusoes.aux)
(F:\Teleinfo\TCC\TeseGeraldo\ccnc_aerossois/ccnc_aerossois.aux)
(F:\Teleinfo\TCC\TeseGeraldo\ccnc_bancada/ccnc_bancada.aux)
(F:\Teleinfo\TCC\TeseGeraldo\ccnc_incertezas/ccnc_incertezas.aux))
Package atveryend Info: Executing hook `AtVeryEndDocument' on input line 223.
Package atveryend Info: Executing hook `AtEndAfterFileList' on input line 223.
Package rerunfilecheck Info: File `ccnc_tese.out' has not changed.
(rerunfilecheck)             Checksum: 4CE0BD4D2464933BD2D9EB391FFE1B70;3031.


LaTeX Warning: There were undefined references.


LaTeX Warning: There were multiply-defined labels.

 ) 
Here is how much of TeX's memory you used:
 13050 strings out of 494045
 190937 string characters out of 3147585
 311701 words of memory out of 3000000
 15602 multiletter control sequences out of 15000+200000
 26584 words of font info for 65 fonts, out of 3000000 for 9000
 715 hyphenation exceptions out of 8191
 43i,12n,45p,2011b,540s stack positions out of 5000i,500n,10000p,200000b,50000s
 <C:\Users\User\AppData\Local\MiKTeX\2.9\fonts\pk\ljfour\jknappen\ec\dpi600\e
cti1095.pk> <C:\Users\User\AppData\Local\MiKTeX\2.9\fonts\pk\ljfour\jknappen\ec
\dpi600\ecrm1000.pk> <C:\Users\User\AppData\Local\MiKTeX\2.9\fonts\pk\ljfour\jk
nappen\ec\dpi600\ecrm1095.pk> <C:\Users\User\AppData\Local\MiKTeX\2.9\fonts\pk\
ljfour\jknappen\ec\dpi600\ecrm0800.pk> <C:\Users\User\AppData\Local\MiKTeX\2.9\
fonts\pk\ljfour\jknappen\ec\dpi600\ecbx1095.pk>{F:/Programas/Latex/MiKTeX 2.9/f
onts/enc/dvips/fontname/8r.enc} <C:\Users\User\AppData\Local\MiKTeX\2.9\fonts\p
k\ljfour\jknappen\ec\dpi600\ecbx2488.pk> <C:\Users\User\AppData\Local\MiKTeX\2.
9\fonts\pk\ljfour\jknappen\ec\dpi600\ecrm1200.pk> <C:\Users\User\AppData\Local\
MiKTeX\2.9\fonts\pk\ljfour\jknappen\ec\dpi600\ecbi1200.pk> <C:\Users\User\AppDa
ta\Local\MiKTeX\2.9\fonts\pk\ljfour\jknappen\ec\dpi600\ecti1200.pk> <C:\Users\U
ser\AppData\Local\MiKTeX\2.9\fonts\pk\ljfour\jknappen\ec\dpi600\ecbx1440.pk> <C
:\Users\User\AppData\Local\MiKTeX\2.9\fonts\pk\ljfour\jknappen\ec\dpi600\ecbx17
28.pk> <C:\Users\User\AppData\Local\MiKTeX\2.9\fonts\pk\ljfour\jknappen\ec\dpi6
00\ecbx1200.pk> <C:\Users\User\AppData\Local\MiKTeX\2.9\fonts\pk\ljfour\jknappe
n\ec\dpi600\eccc1200.pk><F:/Programas/Latex/MiKTeX 2.9/fonts/type1/public/amsfo
nts/cm/cmex10.pfb><F:/Programas/Latex/MiKTeX 2.9/fonts/type1/public/amsfonts/cm
/cmmi12.pfb><F:/Programas/Latex/MiKTeX 2.9/fonts/type1/public/amsfonts/cm/cmmi6
.pfb><F:/Programas/Latex/MiKTeX 2.9/fonts/type1/public/amsfonts/cm/cmmi8.pfb><F
:/Programas/Latex/MiKTeX 2.9/fonts/type1/public/amsfonts/cm/cmr10.pfb><F:/Progr
amas/Latex/MiKTeX 2.9/fonts/type1/public/amsfonts/cm/cmr12.pfb><F:/Programas/La
tex/MiKTeX 2.9/fonts/type1/public/amsfonts/cm/cmr6.pfb><F:/Programas/Latex/MiKT
eX 2.9/fonts/type1/public/amsfonts/cm/cmr8.pfb><F:/Programas/Latex/MiKTeX 2.9/f
onts/type1/public/amsfonts/cm/cmsy10.pfb><F:/Programas/Latex/MiKTeX 2.9/fonts/t
ype1/public/amsfonts/cm/cmsy8.pfb><F:/Programas/Latex/MiKTeX 2.9/fonts/type1/pu
blic/amsfonts/symbols/msam10.pfb><F:/Programas/Latex/MiKTeX 2.9/fonts/type1/urw
/times/utmr8a.pfb>
Output written on ccnc_tese.pdf (89 pages, 681799 bytes).
PDF statistics:
 1572 PDF objects out of 1728 (max. 8388607)
 226 named destinations out of 1000 (max. 500000)
 315 words of extra memory for PDF output out of 10000 (max. 10000000)

