This is pdfTeX, Version 3.1415926-1.40.10 (MiKTeX 2.8) (preloaded format=latex 2010.10.22)  22 OCT 2010 10:57
entering extended mode
**ccnc_listagem.tex

("C:\Users\Francisco\Documents\Disciplinas DOUTORADO\TESE_2010\ccnc_listagem\cc
nc_listagem.tex"
LaTeX2e <2009/09/24>
Babel <v3.8l> and hyphenation patterns for english, dumylang, nohyphenation, ge
rman, ngerman, german-x-2009-06-19, ngerman-x-2009-06-19, french, portuguese, l
oaded.
("C:\Program Files\MiKTeX 2.8\tex\latex\base\book.cls"
Document Class: book 2007/10/19 v1.4h Standard LaTeX document class
("C:\Program Files\MiKTeX 2.8\tex\latex\base\bk12.clo"
File: bk12.clo 2007/10/19 v1.4h Standard LaTeX file (size option)
)
\c@part=\count79
\c@chapter=\count80
\c@section=\count81
\c@subsection=\count82
\c@subsubsection=\count83
\c@paragraph=\count84
\c@subparagraph=\count85
\c@figure=\count86
\c@table=\count87
\abovecaptionskip=\skip41
\belowcaptionskip=\skip42
\bibindent=\dimen102
)
(C:\Users\Francisco\AppData\Roaming\MiKTeX\2.8\tex\latex\listings\listings.sty
("C:\Program Files\MiKTeX 2.8\tex\latex\graphics\keyval.sty"
Package: keyval 1999/03/16 v1.13 key=value parser (DPC)
\KV@toks@=\toks14
)
\lst@mode=\count88
\lst@gtempboxa=\box26
\lst@token=\toks15
\lst@length=\count89
\lst@currlwidth=\dimen103
\lst@column=\count90
\lst@pos=\count91
\lst@lostspace=\dimen104
\lst@width=\dimen105
\lst@newlines=\count92
\lst@lineno=\count93
\lst@maxwidth=\dimen106

(C:\Users\Francisco\AppData\Roaming\MiKTeX\2.8\tex\latex\listings\lstmisc.sty
File: lstmisc.sty 2007/02/22 1.4 (Carsten Heinz)
\c@lstnumber=\count94
\lst@skipnumbers=\count95
\lst@framebox=\box27
)
(C:\Users\Francisco\AppData\Roaming\MiKTeX\2.8\tex\latex\listings\listings.cfg
File: listings.cfg 2007/02/22 1.4 listings configuration
))
Package: listings 2007/02/22 1.4 (Carsten Heinz)
 ("C:\Program Files\MiKTeX 2.8\tex\latex\tools\verbatim.sty"
Package: verbatim 2003/08/22 v1.5q LaTeX2e package for verbatim enhancements
\every@verbatim=\toks16
\verbatim@line=\toks17
\verbatim@in@stream=\read1
)
(C:\Users\Francisco\AppData\Roaming\MiKTeX\2.8\tex\latex\algorithms\algorithmic
.sty
Package: algorithmic 2009/08/24 v0.1 Document Style `algorithmic'
 ("C:\Program Files\MiKTeX 2.8\tex\latex\base\ifthen.sty"
Package: ifthen 2001/05/26 v1.1c Standard LaTeX ifthen package (DPC)
)
\c@ALC@unique=\count96
\c@ALC@line=\count97
\c@ALC@rem=\count98
\c@ALC@depth=\count99
\ALC@tlm=\skip43
\algorithmicindent=\skip44
)
("C:\Users\Francisco\Documents\Disciplinas DOUTORADO\TESE_2010\ccnc_listagem\cc
nc_listagem.aux")
LaTeX Font Info:    Checking defaults for OML/cmm/m/it on input line 13.
LaTeX Font Info:    ... okay on input line 13.
LaTeX Font Info:    Checking defaults for T1/cmr/m/n on input line 13.
LaTeX Font Info:    ... okay on input line 13.
LaTeX Font Info:    Checking defaults for OT1/cmr/m/n on input line 13.
LaTeX Font Info:    ... okay on input line 13.
LaTeX Font Info:    Checking defaults for OMS/cmsy/m/n on input line 13.
LaTeX Font Info:    ... okay on input line 13.
LaTeX Font Info:    Checking defaults for OMX/cmex/m/n on input line 13.
LaTeX Font Info:    ... okay on input line 13.
LaTeX Font Info:    Checking defaults for U/cmr/m/n on input line 13.
LaTeX Font Info:    ... okay on input line 13.
\c@lstlisting=\count100
LaTeX Font Info:    Try loading font information for OMS+cmr on input line 21.
 ("C:\Program Files\MiKTeX 2.8\tex\latex\base\omscmr.fd"
File: omscmr.fd 1999/05/25 v2.5h Standard LaTeX font definitions
)
LaTeX Font Info:    Font shape `OMS/cmr/m/n' in size <12> not available
(Font)              Font shape `OMS/cmsy/m/n' tried instead on input line 21.
LaTeX Font Info:    External font `cmex10' loaded for size
(Font)              <12> on input line 29.
LaTeX Font Info:    External font `cmex10' loaded for size
(Font)              <8> on input line 29.
LaTeX Font Info:    External font `cmex10' loaded for size
(Font)              <6> on input line 29.

Overfull \hbox (0.9136pt too wide) in paragraph at lines 60--60
[] [][]\OT1/cmr/bx/n/12 if \OT1/cmr/m/n/12 imd(p')$\OML/cmm/m/it/12 <$\OT1/cmr/
m/n/12 current[]dist $ $ and $ $ (imo(p')$\OML/cmm/m/it/12 >$\OT1/cmr/m/n/12 0 
$ $ OR imo(p')=WSHED)
 []

[1

] [2]
("C:\Users\Francisco\Documents\Disciplinas DOUTORADO\TESE_2010\ccnc_listagem\cc
nc_listagem.aux") ) 
Here is how much of TeX's memory you used:
 1692 strings out of 495258
 24119 string characters out of 3179662
 78696 words of memory out of 3000000
 4955 multiletter control sequences out of 15000+200000
 7382 words of font info for 26 fonts, out of 3000000 for 9000
 16 hyphenation exceptions out of 8191
 26i,4n,32p,181b,845s stack positions out of 5000i,500n,10000p,200000b,50000s

Output written on ccnc_listagem.dvi (2 pages, 11200 bytes).
