#
# A fatal error has been detected by the Java Runtime Environment:
#
#  EXCEPTION_ACCESS_VIOLATION (0xc0000005) at pc=0x712dbfdb, pid=4796, tid=5372
#
# JRE version: 7.0_03-b05
# Java VM: Java HotSpot(TM) Client VM (22.1-b02 mixed mode windows-x86 )
# Problematic frame:
# V  [jvm.dll+0xbbfdb]
#
# Failed to write core dump. Minidumps are not enabled by default on client versions of Windows
#
# If you would like to submit a bug report, please visit:
#   http://bugreport.sun.com/bugreport/crash.jsp
#

---------------  T H R E A D  ---------------

Current thread (0x00ec9400):  JavaThread "JDWP Transport Listener: dt_socket" daemon [_thread_in_vm, id=5372, stack(0x18e10000,0x18e60000)]

siginfo: ExceptionCode=0xc0000005, reading address 0x0000003b

Registers:
EAX=0x0000003b, EBX=0x00000000, ECX=0x0000003b, EDX=0x00000000
ESP=0x18e5f658, EBP=0x18e5f65c, ESI=0x00ec9400, EDI=0x00327a50
EIP=0x712dbfdb, EFLAGS=0x00010202

Top of Stack: (sp=0x18e5f658)
0x18e5f658:   00ec9400 18e5f688 713f622a 0000003b
0x18e5f668:   18e5f740 18e5f6c3 00ec9400 00000000
0x18e5f678:   00000000 00000000 00ec9400 00ec9400
0x18e5f688:   18e5f6c4 73889d5c 00327a50 0000003b
0x18e5f698:   18e5f6c3 0000003b 7387436d 0000003b
0x18e5f6a8:   18e5f6c3 00000016 00000000 00000000
0x18e5f6b8:   00000009 00000000 0072dbdc 18e5f6e4
0x18e5f6c8:   738744e0 00000001 18e5f700 18e5f73c 

Instructions: (pc=0x712dbfdb)
0x712dbfbb:   0c 5f 5e 5d c2 0c 00 cc cc cc cc cc cc cc cc cc
0x712dbfcb:   cc cc cc cc cc 55 8b ec 8b 45 08 56 85 c0 74 28
0x712dbfdb:   8b 30 85 f6 74 22 81 fe fe fe fe fe 74 1a 8b 4e
0x712dbfeb:   04 8b 41 08 8b 90 90 00 00 00 83 c1 08 ff d2 84 


Register to memory mapping:

EAX=0x0000003b is an unknown value
EBX=0x00000000 is an unknown value
ECX=0x0000003b is an unknown value
EDX=0x00000000 is an unknown value
ESP=0x18e5f658 is pointing into the stack for thread: 0x00ec9400
EBP=0x18e5f65c is pointing into the stack for thread: 0x00ec9400
ESI=0x00ec9400 is a thread
EDI=0x00327a50 is an unknown value


Stack: [0x18e10000,0x18e60000],  sp=0x18e5f658,  free space=317k
Native frames: (J=compiled Java code, j=interpreted, Vv=VM code, C=native code)
V  [jvm.dll+0xbbfdb]
V  [jvm.dll+0x1d622a]
C  [jdwp.dll+0x19d5c]  Agent_OnLoad+0xe9ef
C  [jdwp.dll+0x44e0]
C  [jdwp.dll+0x451e]


---------------  P R O C E S S  ---------------

Java Threads: ( => current thread )
  0x195e1800 JavaThread "TimerQueue" daemon [_thread_blocked, id=5220, stack(0x1b130000,0x1b180000)]
  0x1955e800 JavaThread "AWT-EventQueue-0" [_thread_blocked, id=996, stack(0x19880000,0x198d0000)]
  0x194e8400 JavaThread "AWT-Windows" daemon [_thread_in_native, id=5328, stack(0x19a40000,0x19a90000)]
  0x194e5800 JavaThread "AWT-Shutdown" [_thread_blocked, id=2828, stack(0x199a0000,0x199f0000)]
  0x194e4c00 JavaThread "Java2D Disposer" daemon [_thread_blocked, id=6624, stack(0x19950000,0x199a0000)]
  0x00fa4800 JavaThread "ReaderThread" [_thread_in_native, id=1172, stack(0x193f0000,0x19440000)]
  0x00ee7400 JavaThread "Service Thread" daemon [_thread_blocked, id=6868, stack(0x19290000,0x192e0000)]
  0x00ee4c00 JavaThread "C1 CompilerThread0" daemon [_thread_blocked, id=3520, stack(0x192e0000,0x19330000)]
  0x00ed2800 JavaThread "JDWP Command Reader" daemon [_thread_in_native, id=6164, stack(0x191c0000,0x19210000)]
  0x00ed1800 JavaThread "JDWP Event Helper Thread" daemon [_thread_blocked, id=1048, stack(0x18660000,0x186b0000)]
=>0x00ec9400 JavaThread "JDWP Transport Listener: dt_socket" daemon [_thread_in_vm, id=5372, stack(0x18e10000,0x18e60000)]
  0x00ec2c00 JavaThread "Attach Listener" daemon [_thread_blocked, id=1964, stack(0x189c0000,0x18a10000)]
  0x00ebf800 JavaThread "Signal Dispatcher" daemon [_thread_blocked, id=7108, stack(0x185f0000,0x18640000)]
  0x00e6b400 JavaThread "Finalizer" daemon [_thread_blocked, id=3960, stack(0x188a0000,0x188f0000)]
  0x00e66800 JavaThread "Reference Handler" daemon [_thread_blocked, id=6368, stack(0x18740000,0x18790000)]
  0x0032a800 JavaThread "Run$_main" [_thread_blocked, id=5016, stack(0x005b0000,0x00600000)]

Other Threads:
  0x00dafc00 VMThread [stack: 0x01080000,0x010d0000] [id=6824]
  0x00ef8400 WatcherThread [stack: 0x19220000,0x19270000] [id=6240]

VM state:not at safepoint (normal execution)

VM Mutex/Monitor currently owned by a thread: None

Heap
 def new generation   total 20096K, used 13091K [0x04540000, 0x05b00000, 0x09a90000)
  eden space 17920K,  73% used [0x04540000, 0x05208f10, 0x056c0000)
  from space 2176K,   0% used [0x056c0000, 0x056c0000, 0x058e0000)
  to   space 2176K,   0% used [0x058e0000, 0x058e0000, 0x05b00000)
 tenured generation   total 44424K, used 26653K [0x09a90000, 0x0c5f2000, 0x14540000)
   the space 44424K,  59% used [0x09a90000, 0x0b497670, 0x0b497800, 0x0c5f2000)
 compacting perm gen  total 12288K, used 10861K [0x14540000, 0x15140000, 0x18540000)
   the space 12288K,  88% used [0x14540000, 0x14fdb550, 0x14fdb600, 0x15140000)
No shared spaces configured.

Code Cache  [0x02540000, 0x026c8000, 0x04540000)
 total_blobs=694 nmethods=449 adapters=189 free_code_cache=31206Kb largest_free_block=31954880

Dynamic libraries:
0x01110000 - 0x0113f000 	C:\Program Files (x86)\Java\jre7\bin\javaw.exe
0x77b60000 - 0x77ce0000 	C:\Windows\SysWOW64\ntdll.dll
0x77050000 - 0x77160000 	C:\Windows\syswow64\kernel32.dll
0x75300000 - 0x75346000 	C:\Windows\syswow64\KERNELBASE.dll
0x77160000 - 0x77200000 	C:\Windows\syswow64\ADVAPI32.dll
0x76e80000 - 0x76f2c000 	C:\Windows\syswow64\msvcrt.dll
0x76740000 - 0x76759000 	C:\Windows\SysWOW64\sechost.dll
0x76120000 - 0x76210000 	C:\Windows\syswow64\RPCRT4.dll
0x75240000 - 0x752a0000 	C:\Windows\syswow64\SspiCli.dll
0x75230000 - 0x7523c000 	C:\Windows\syswow64\CRYPTBASE.dll
0x767b0000 - 0x768b0000 	C:\Windows\syswow64\USER32.dll
0x76f30000 - 0x76fc0000 	C:\Windows\syswow64\GDI32.dll
0x77b30000 - 0x77b3a000 	C:\Windows\syswow64\LPK.dll
0x77200000 - 0x7729d000 	C:\Windows\syswow64\USP10.dll
0x74f60000 - 0x750fe000 	C:\Windows\WinSxS\x86_microsoft.windows.common-controls_6595b64144ccf1df_6.0.7601.17514_none_41e6975e2bd6f2b2\COMCTL32.dll
0x76a10000 - 0x76a67000 	C:\Windows\syswow64\SHLWAPI.dll
0x752a0000 - 0x75300000 	C:\Windows\system32\IMM32.DLL
0x76db0000 - 0x76e7c000 	C:\Windows\syswow64\MSCTF.dll
0x6f6d0000 - 0x6f78e000 	C:\Program Files (x86)\Java\jre7\bin\msvcr100.dll
0x71220000 - 0x71548000 	C:\Program Files (x86)\Java\jre7\bin\client\jvm.dll
0x6b760000 - 0x6b767000 	C:\Windows\system32\WSOCK32.dll
0x76770000 - 0x767a5000 	C:\Windows\syswow64\WS2_32.dll
0x75440000 - 0x75446000 	C:\Windows\syswow64\NSI.dll
0x72290000 - 0x722c2000 	C:\Windows\system32\WINMM.dll
0x760c0000 - 0x760c5000 	C:\Windows\syswow64\PSAPI.DLL
0x74d10000 - 0x74d1c000 	C:\Program Files (x86)\Java\jre7\bin\verify.dll
0x74b90000 - 0x74bb0000 	C:\Program Files (x86)\Java\jre7\bin\java.dll
0x73870000 - 0x7389a000 	C:\Program Files (x86)\Java\jre7\bin\jdwp.dll
0x74c10000 - 0x74c17000 	C:\Program Files (x86)\Java\jre7\bin\npt.dll
0x74c20000 - 0x74c33000 	C:\Program Files (x86)\Java\jre7\bin\zip.dll
0x74bf0000 - 0x74bf8000 	C:\Program Files (x86)\Java\jre7\bin\dt_socket.dll
0x72a90000 - 0x72aa0000 	C:\Windows\system32\NLAapi.dll
0x72a80000 - 0x72a90000 	C:\Windows\system32\napinsp.dll
0x72a60000 - 0x72a72000 	C:\Windows\system32\pnrpnsp.dll
0x73030000 - 0x7306c000 	C:\Windows\System32\mswsock.dll
0x730f0000 - 0x73134000 	C:\Windows\system32\DNSAPI.dll
0x72a50000 - 0x72a58000 	C:\Windows\System32\winrnr.dll
0x75150000 - 0x7516c000 	C:\Windows\system32\IPHLPAPI.DLL
0x75140000 - 0x75147000 	C:\Windows\system32\WINNSI.DLL
0x72a10000 - 0x72a48000 	C:\Windows\System32\fwpuclnt.dll
0x729d0000 - 0x729d6000 	C:\Windows\system32\rasadhlp.dll
0x73150000 - 0x73155000 	C:\Windows\System32\wshtcpip.dll
0x746f0000 - 0x74704000 	C:\Program Files (x86)\Java\jre7\bin\net.dll
0x73140000 - 0x73146000 	C:\Windows\System32\wship6.dll
0x6f580000 - 0x6f6c2000 	C:\Program Files (x86)\Java\jre7\bin\awt.dll
0x76fc0000 - 0x7704f000 	C:\Windows\syswow64\OLEAUT32.dll
0x768b0000 - 0x76a0c000 	C:\Windows\syswow64\ole32.dll
0x725b0000 - 0x725c3000 	C:\Windows\system32\DWMAPI.DLL
0x724d0000 - 0x72550000 	C:\Windows\system32\uxtheme.dll
0x75470000 - 0x760ba000 	C:\Windows\syswow64\SHELL32.dll
0x71d40000 - 0x71d6a000 	C:\Program Files (x86)\Java\jre7\bin\fontmanager.dll
0x75350000 - 0x753d3000 	C:\Windows\syswow64\CLBCatQ.DLL
0x6bdc0000 - 0x6bebb000 	C:\Windows\system32\WindowsCodecs.dll
0x73070000 - 0x730bc000 	C:\Windows\system32\apphelp.dll
0x185d0000 - 0x185e7000 	C:\Users\User\AppData\Roaming\Dropbox\bin\DropboxExt.14.dll
0x72c30000 - 0x72d1b000 	C:\Windows\system32\dbghelp.dll
0x7c3a0000 - 0x7c41b000 	C:\Users\User\AppData\Roaming\Dropbox\bin\MSVCP71.dll
0x7c340000 - 0x7c396000 	C:\Users\User\AppData\Roaming\Dropbox\bin\MSVCR71.dll
0x74c60000 - 0x74c91000 	C:\Windows\system32\EhStorShell.dll
0x765a0000 - 0x7673d000 	C:\Windows\syswow64\SETUPAPI.dll
0x763d0000 - 0x763f7000 	C:\Windows\syswow64\CFGMGR32.dll
0x75450000 - 0x75462000 	C:\Windows\syswow64\DEVOBJ.dll
0x723d0000 - 0x724c5000 	C:\Windows\system32\PROPSYS.dll
0x71d70000 - 0x7217a000 	C:\PROGRA~2\MIF5BA~1\Office14\GROOVEEX.DLL
0x733a0000 - 0x73443000 	C:\Windows\WinSxS\x86_microsoft.vc90.crt_1fc8b3b9a1e18e3b_9.0.30729.6161_none_50934f2ebcb7eb57\MSVCR90.dll
0x72f20000 - 0x72fae000 	C:\Windows\WinSxS\x86_microsoft.vc90.crt_1fc8b3b9a1e18e3b_9.0.30729.6161_none_50934f2ebcb7eb57\MSVCP90.dll
0x74d20000 - 0x74d4b000 	C:\Windows\WinSxS\x86_microsoft.vc90.atl_1fc8b3b9a1e18e3b_9.0.30729.6161_none_51cd0a7abbe4e19b\ATL90.DLL
0x73a40000 - 0x73e4f000 	C:\PROGRA~2\COMMON~1\MICROS~1\OFFICE14\Cultures\office.odf
0x70320000 - 0x70b84000 	C:\PROGRA~2\MIF5BA~1\Office14\1033\GrooveIntlResource.dll
0x62fd0000 - 0x63040000 	C:\Windows\system32\ntshrui.dll
0x74730000 - 0x74749000 	C:\Windows\system32\srvcli.dll
0x62e00000 - 0x62e0b000 	C:\Windows\system32\cscapi.dll
0x692f0000 - 0x692fa000 	C:\Windows\system32\slc.dll
0x74cf0000 - 0x74cff000 	C:\Program Files (x86)\Java\jre7\bin\nio.dll
0x72c10000 - 0x72c26000 	C:\Windows\system32\CRYPTSP.dll
0x702e0000 - 0x70311000 	C:\Program Files (x86)\Java\jre7\bin\t2k.dll
0x72bd0000 - 0x72c0b000 	C:\Windows\system32\rsaenh.dll
0x73460000 - 0x73477000 	C:\Windows\system32\USERENV.dll
0x73450000 - 0x7345b000 	C:\Windows\system32\profapi.dll
0x70ff0000 - 0x71015000 	C:\Program Files (x86)\Java\jre7\bin\jpeg.dll
0x19bd0000 - 0x19fbd000 	C:\Program Files (x86)\Java\jre7\bin\mlib_jai_mmx.dll

VM Arguments:
jvm_args: -agentlib:jdwp=transport=dt_socket,suspend=y,address=localhost:52440 -Dfile.encoding=Cp1252 
java_command: org.eclipse.jdt.internal.junit.runner.RemoteTestRunner -version 3 -port 52439 -testLoaderClass org.eclipse.jdt.internal.junit4.runner.JUnit4TestLoader -loaderpluginname org.eclipse.jdt.junit4.runtime -classNames testAll
Launcher Type: SUN_STANDARD

Environment Variables:
JAVA_HOME=C:\Program Files (x86)\Java\jdk1.7.0_01
PATH=C:/Program Files (x86)/Java/jre7/bin/client;C:/Program Files (x86)/Java/jre7/bin;C:/Program Files (x86)/Java/jre7/lib/i386;F:\Programas\Latex\MiKTeX 2.9\miktex\bin;C:\Windows\system32;C:\Windows;C:\Windows\System32\Wbem;C:\Windows\System32\WindowsPowerShell\v1.0\;C:\Program Files (x86)\Toshiba\Bluetooth Toshiba Stack\sys\;C:\Program Files (x86)\Toshiba\Bluetooth Toshiba Stack\sys\x64\;C:\Program Files\Broadcom\Broadcom 802.11 Network Adapter\Driver;C:\Program Files (x86)\Microsoft SQL Server\100\Tools\Binn\;C:\Program Files\Microsoft SQL Server\100\Tools\Binn\;C:\Program Files\Microsoft SQL Server\100\DTS\Binn\;F:\Programas\Altium\System;C:\Program Files (x86)\Java\jdk1.7.0_01\jre\bin;C:\Program Files (x86)\Java\jdk1.7.0_01\bin;C:\Modeltech_pe_edu_6.6c\win32pe_edu;f:\programas\win32pe_edu;f:\programas\Modeltech_edu\win32pe_edu;F:\Programas\Modeltech_pe_edu_10.0\win32pe_edu;F:\Programas\eclipse-java-indigo-SR1-win32\eclipse;
USERNAME=User
OS=Windows_NT
PROCESSOR_IDENTIFIER=Intel64 Family 6 Model 37 Stepping 2, GenuineIntel



---------------  S Y S T E M  ---------------

OS: Windows 7 , 64 bit Build 7601 Service Pack 1

CPU:total 4 (2 cores per cpu, 2 threads per core) family 6 model 37 stepping 2, cmov, cx8, fxsr, mmx, sse, sse2, sse3, ssse3, sse4.1, sse4.2, popcnt, ht

Memory: 4k page, physical 3005288k(1103324k free), swap 6008724k(2888020k free)

vm_info: Java HotSpot(TM) Client VM (22.1-b02) for windows-x86 JRE (1.7.0_03-b05), built on Feb  3 2012 20:43:37 by "java_re" with unknown MS VC++:1600

time: Tue Jul 10 21:48:09 2012
elapsed time: 662 seconds

