This is pdfTeX, Version 3.1415926-1.40.10 (MiKTeX 2.8) (preloaded format=latex 2011.8.17)  22 AUG 2011 21:10
entering extended mode
**capa.tex
(C:\Users\FGMPinheiro\Documents\TESE_2010\pretexto\capa.tex
LaTeX2e <2009/09/24>
Babel <v3.8l> and hyphenation patterns for english, dumylang, nohyphenation, ge
rman, ngerman, german-x-2009-06-19, ngerman-x-2009-06-19, french, loaded.

! LaTeX Error: Missing \begin{document}.

See the LaTeX manual or LaTeX Companion for explanation.
Type  H <return>  for immediate help.
 ...                                              
                                                  
l.3 \begin{center}
                  
? x
 
Here is how much of TeX's memory you used:
 8 strings out of 495286
 355 string characters out of 3179883
 45037 words of memory out of 3000000
 3306 multiletter control sequences out of 15000+200000
 3640 words of font info for 14 fonts, out of 3000000 for 9000
 14 hyphenation exceptions out of 8191
 10i,0n,4p,42b,22s stack positions out of 5000i,500n,10000p,200000b,50000s
No pages of output.
