This is pdfTeX, Version 3.1415926-1.40.10 (MiKTeX 2.8) (preloaded format=latex 2010.8.10)  7 OCT 2010 16:06
entering extended mode
**ccnc_apendice_A.tex

("C:\Users\fgmpinheiro\Documents\Disciplinas DOUTORADO\TESE_2010\ccnc_apendice\
ccnc_apendice_A.tex"
LaTeX2e <2009/09/24>
Babel <v3.8l> and hyphenation patterns for english, dumylang, nohyphenation, ge
rman, ngerman, german-x-2009-06-19, ngerman-x-2009-06-19, french, loaded.
! Undefined control sequence.
l.4 \chapter
            {C\'{o}digo do Microcontrolador}
? x
 
Here is how much of TeX's memory you used:
 7 strings out of 495270
 358 string characters out of 3180169
 45037 words of memory out of 3000000
 3322 multiletter control sequences out of 15000+200000
 3640 words of font info for 14 fonts, out of 3000000 for 9000
 14 hyphenation exceptions out of 8191
 5i,0n,5p,102b,17s stack positions out of 5000i,500n,10000p,200000b,50000s
No pages of output.
